CRITICAL - 2020-11-15 00:37:24 --> Invalid file: admin/detailUser_view.php
#0 C:\xampp\htdocs\ohayo\vendor\codeigniter4\framework\system\View\View.php(228): CodeIgniter\Exceptions\FrameworkException::forInvalidFile('admin/detailUse...')
#1 C:\xampp\htdocs\ohayo\vendor\codeigniter4\framework\system\Common.php(1119): CodeIgniter\View\View->render('admin/detailUse...', Array, true)
#2 C:\xampp\htdocs\ohayo\app\Controllers\Admin_kelolaUser.php(99): view('admin/detailUse...', Array)
#3 C:\xampp\htdocs\ohayo\vendor\codeigniter4\framework\system\CodeIgniter.php(918): App\Controllers\Admin_kelolaUser->detail('16')
#4 C:\xampp\htdocs\ohayo\vendor\codeigniter4\framework\system\CodeIgniter.php(404): CodeIgniter\CodeIgniter->runController(Object(App\Controllers\Admin_kelolaUser))
#5 C:\xampp\htdocs\ohayo\vendor\codeigniter4\framework\system\CodeIgniter.php(312): CodeIgniter\CodeIgniter->handleRequest(NULL, Object(Config\Cache), false)
#6 C:\xampp\htdocs\ohayo\public\index.php(45): CodeIgniter\CodeIgniter->run()
#7 C:\xampp\htdocs\ohayo\vendor\codeigniter4\framework\system\Commands\Server\rewrite.php(34): require_once('C:\\xampp\\htdocs...')
#8 {main}
CRITICAL - 2020-11-15 01:02:12 --> Undefined variable: u
#0 C:\xampp\htdocs\ohayo\app\Views\admin\user\detailUser_view.php(27): CodeIgniter\Debug\Exceptions->errorHandler(8, 'Undefined varia...', 'C:\\xampp\\htdocs...', 27, Array)
#1 C:\xampp\htdocs\ohayo\vendor\codeigniter4\framework\system\View\View.php(246): include('C:\\xampp\\htdocs...')
#2 C:\xampp\htdocs\ohayo\vendor\codeigniter4\framework\system\Common.php(1119): CodeIgniter\View\View->render('admin/user/deta...', Array, true)
#3 C:\xampp\htdocs\ohayo\app\Controllers\Admin_kelolaUser.php(99): view('admin/user/deta...', Array)
#4 C:\xampp\htdocs\ohayo\vendor\codeigniter4\framework\system\CodeIgniter.php(918): App\Controllers\Admin_kelolaUser->detail('16')
#5 C:\xampp\htdocs\ohayo\vendor\codeigniter4\framework\system\CodeIgniter.php(404): CodeIgniter\CodeIgniter->runController(Object(App\Controllers\Admin_kelolaUser))
#6 C:\xampp\htdocs\ohayo\vendor\codeigniter4\framework\system\CodeIgniter.php(312): CodeIgniter\CodeIgniter->handleRequest(NULL, Object(Config\Cache), false)
#7 C:\xampp\htdocs\ohayo\public\index.php(45): CodeIgniter\CodeIgniter->run()
#8 C:\xampp\htdocs\ohayo\vendor\codeigniter4\framework\system\Commands\Server\rewrite.php(34): require_once('C:\\xampp\\htdocs...')
#9 {main}
CRITICAL - 2020-11-15 01:41:11 --> Call to a member function getError() on null
#0 C:\xampp\htdocs\ohayo\vendor\codeigniter4\framework\system\CodeIgniter.php(918): App\Controllers\Admin_kelolaUser->update('16')
#1 C:\xampp\htdocs\ohayo\vendor\codeigniter4\framework\system\CodeIgniter.php(404): CodeIgniter\CodeIgniter->runController(Object(App\Controllers\Admin_kelolaUser))
#2 C:\xampp\htdocs\ohayo\vendor\codeigniter4\framework\system\CodeIgniter.php(312): CodeIgniter\CodeIgniter->handleRequest(NULL, Object(Config\Cache), false)
#3 C:\xampp\htdocs\ohayo\public\index.php(45): CodeIgniter\CodeIgniter->run()
#4 C:\xampp\htdocs\ohayo\vendor\codeigniter4\framework\system\Commands\Server\rewrite.php(34): require_once('C:\\xampp\\htdocs...')
#5 {main}
CRITICAL - 2020-11-15 02:02:21 --> Trying to access array offset on value of type null
#0 C:\xampp\htdocs\ohayo\app\Views\admin\user\detailUser_view.php(8): CodeIgniter\Debug\Exceptions->errorHandler(8, 'Trying to acces...', 'C:\\xampp\\htdocs...', 8, Array)
#1 C:\xampp\htdocs\ohayo\vendor\codeigniter4\framework\system\View\View.php(246): include('C:\\xampp\\htdocs...')
#2 C:\xampp\htdocs\ohayo\vendor\codeigniter4\framework\system\Common.php(1119): CodeIgniter\View\View->render('admin/user/deta...', Array, true)
#3 C:\xampp\htdocs\ohayo\app\Controllers\Admin_kelolaUser.php(122): view('admin/user/deta...', Array)
#4 C:\xampp\htdocs\ohayo\vendor\codeigniter4\framework\system\CodeIgniter.php(918): App\Controllers\Admin_kelolaUser->detail('1605427130_d33c...')
#5 C:\xampp\htdocs\ohayo\vendor\codeigniter4\framework\system\CodeIgniter.php(404): CodeIgniter\CodeIgniter->runController(Object(App\Controllers\Admin_kelolaUser))
#6 C:\xampp\htdocs\ohayo\vendor\codeigniter4\framework\system\CodeIgniter.php(312): CodeIgniter\CodeIgniter->handleRequest(NULL, Object(Config\Cache), false)
#7 C:\xampp\htdocs\ohayo\public\index.php(45): CodeIgniter\CodeIgniter->run()
#8 C:\xampp\htdocs\ohayo\vendor\codeigniter4\framework\system\Commands\Server\rewrite.php(34): require_once('C:\\xampp\\htdocs...')
#9 {main}
CRITICAL - 2020-11-15 02:02:30 --> Trying to access array offset on value of type null
#0 C:\xampp\htdocs\ohayo\app\Views\admin\user\detailUser_view.php(8): CodeIgniter\Debug\Exceptions->errorHandler(8, 'Trying to acces...', 'C:\\xampp\\htdocs...', 8, Array)
#1 C:\xampp\htdocs\ohayo\vendor\codeigniter4\framework\system\View\View.php(246): include('C:\\xampp\\htdocs...')
#2 C:\xampp\htdocs\ohayo\vendor\codeigniter4\framework\system\Common.php(1119): CodeIgniter\View\View->render('admin/user/deta...', Array, true)
#3 C:\xampp\htdocs\ohayo\app\Controllers\Admin_kelolaUser.php(122): view('admin/user/deta...', Array)
#4 C:\xampp\htdocs\ohayo\vendor\codeigniter4\framework\system\CodeIgniter.php(918): App\Controllers\Admin_kelolaUser->detail('1605427130_d33c...')
#5 C:\xampp\htdocs\ohayo\vendor\codeigniter4\framework\system\CodeIgniter.php(404): CodeIgniter\CodeIgniter->runController(Object(App\Controllers\Admin_kelolaUser))
#6 C:\xampp\htdocs\ohayo\vendor\codeigniter4\framework\system\CodeIgniter.php(312): CodeIgniter\CodeIgniter->handleRequest(NULL, Object(Config\Cache), false)
#7 C:\xampp\htdocs\ohayo\public\index.php(45): CodeIgniter\CodeIgniter->run()
#8 C:\xampp\htdocs\ohayo\vendor\codeigniter4\framework\system\Commands\Server\rewrite.php(34): require_once('C:\\xampp\\htdocs...')
#9 {main}
CRITICAL - 2020-11-15 02:55:26 --> Too few arguments to function App\Controllers\Admin_kelolaUser::pasang_banner(), 0 passed in C:\xampp\htdocs\ohayo\vendor\codeigniter4\framework\system\CodeIgniter.php on line 918 and exactly 1 expected
#0 C:\xampp\htdocs\ohayo\vendor\codeigniter4\framework\system\CodeIgniter.php(918): App\Controllers\Admin_kelolaUser->pasang_banner()
#1 C:\xampp\htdocs\ohayo\vendor\codeigniter4\framework\system\CodeIgniter.php(404): CodeIgniter\CodeIgniter->runController(Object(App\Controllers\Admin_kelolaUser))
#2 C:\xampp\htdocs\ohayo\vendor\codeigniter4\framework\system\CodeIgniter.php(312): CodeIgniter\CodeIgniter->handleRequest(NULL, Object(Config\Cache), false)
#3 C:\xampp\htdocs\ohayo\public\index.php(45): CodeIgniter\CodeIgniter->run()
#4 C:\xampp\htdocs\ohayo\vendor\codeigniter4\framework\system\Commands\Server\rewrite.php(34): require_once('C:\\xampp\\htdocs...')
#5 {main}
CRITICAL - 2020-11-15 02:59:15 --> Trying to access array offset on value of type null
#0 C:\xampp\htdocs\ohayo\app\Views\admin\user\formUploadBanner_view.php(10): CodeIgniter\Debug\Exceptions->errorHandler(8, 'Trying to acces...', 'C:\\xampp\\htdocs...', 10, Array)
#1 C:\xampp\htdocs\ohayo\vendor\codeigniter4\framework\system\View\View.php(246): include('C:\\xampp\\htdocs...')
#2 C:\xampp\htdocs\ohayo\vendor\codeigniter4\framework\system\Common.php(1119): CodeIgniter\View\View->render('admin/user/form...', Array, true)
#3 C:\xampp\htdocs\ohayo\app\Controllers\Admin_kelolaUser.php(194): view('admin/user/form...', Array)
#4 C:\xampp\htdocs\ohayo\vendor\codeigniter4\framework\system\CodeIgniter.php(918): App\Controllers\Admin_kelolaUser->pasang_banner('<')
#5 C:\xampp\htdocs\ohayo\vendor\codeigniter4\framework\system\CodeIgniter.php(404): CodeIgniter\CodeIgniter->runController(Object(App\Controllers\Admin_kelolaUser))
#6 C:\xampp\htdocs\ohayo\vendor\codeigniter4\framework\system\CodeIgniter.php(312): CodeIgniter\CodeIgniter->handleRequest(NULL, Object(Config\Cache), false)
#7 C:\xampp\htdocs\ohayo\public\index.php(45): CodeIgniter\CodeIgniter->run()
#8 C:\xampp\htdocs\ohayo\vendor\codeigniter4\framework\system\Commands\Server\rewrite.php(34): require_once('C:\\xampp\\htdocs...')
#9 {main}
CRITICAL - 2020-11-15 03:24:06 --> Too few arguments to function App\Controllers\Admin_kelolaUser::pasang_banner(), 0 passed in C:\xampp\htdocs\ohayo\vendor\codeigniter4\framework\system\CodeIgniter.php on line 918 and exactly 1 expected
#0 C:\xampp\htdocs\ohayo\vendor\codeigniter4\framework\system\CodeIgniter.php(918): App\Controllers\Admin_kelolaUser->pasang_banner()
#1 C:\xampp\htdocs\ohayo\vendor\codeigniter4\framework\system\CodeIgniter.php(404): CodeIgniter\CodeIgniter->runController(Object(App\Controllers\Admin_kelolaUser))
#2 C:\xampp\htdocs\ohayo\vendor\codeigniter4\framework\system\CodeIgniter.php(312): CodeIgniter\CodeIgniter->handleRequest(NULL, Object(Config\Cache), false)
#3 C:\xampp\htdocs\ohayo\public\index.php(45): CodeIgniter\CodeIgniter->run()
#4 C:\xampp\htdocs\ohayo\vendor\codeigniter4\framework\system\Commands\Server\rewrite.php(34): require_once('C:\\xampp\\htdocs...')
#5 {main}
CRITICAL - 2020-11-15 03:24:54 --> Too few arguments to function App\Controllers\Admin_kelolaUser::pasang_banner(), 0 passed in C:\xampp\htdocs\ohayo\vendor\codeigniter4\framework\system\CodeIgniter.php on line 918 and exactly 1 expected
#0 C:\xampp\htdocs\ohayo\vendor\codeigniter4\framework\system\CodeIgniter.php(918): App\Controllers\Admin_kelolaUser->pasang_banner()
#1 C:\xampp\htdocs\ohayo\vendor\codeigniter4\framework\system\CodeIgniter.php(404): CodeIgniter\CodeIgniter->runController(Object(App\Controllers\Admin_kelolaUser))
#2 C:\xampp\htdocs\ohayo\vendor\codeigniter4\framework\system\CodeIgniter.php(312): CodeIgniter\CodeIgniter->handleRequest(NULL, Object(Config\Cache), false)
#3 C:\xampp\htdocs\ohayo\public\index.php(45): CodeIgniter\CodeIgniter->run()
#4 C:\xampp\htdocs\ohayo\vendor\codeigniter4\framework\system\Commands\Server\rewrite.php(34): require_once('C:\\xampp\\htdocs...')
#5 {main}
CRITICAL - 2020-11-15 03:26:45 --> Too few arguments to function App\Controllers\Admin_kelolaUser::pasang_banner(), 0 passed in C:\xampp\htdocs\ohayo\vendor\codeigniter4\framework\system\CodeIgniter.php on line 918 and exactly 1 expected
#0 C:\xampp\htdocs\ohayo\vendor\codeigniter4\framework\system\CodeIgniter.php(918): App\Controllers\Admin_kelolaUser->pasang_banner()
#1 C:\xampp\htdocs\ohayo\vendor\codeigniter4\framework\system\CodeIgniter.php(404): CodeIgniter\CodeIgniter->runController(Object(App\Controllers\Admin_kelolaUser))
#2 C:\xampp\htdocs\ohayo\vendor\codeigniter4\framework\system\CodeIgniter.php(312): CodeIgniter\CodeIgniter->handleRequest(NULL, Object(Config\Cache), false)
#3 C:\xampp\htdocs\ohayo\public\index.php(45): CodeIgniter\CodeIgniter->run()
#4 C:\xampp\htdocs\ohayo\vendor\codeigniter4\framework\system\Commands\Server\rewrite.php(34): require_once('C:\\xampp\\htdocs...')
#5 {main}
CRITICAL - 2020-11-15 03:53:38 --> Invalid file: admin/pendaftaran_view.php
#0 C:\xampp\htdocs\ohayo\vendor\codeigniter4\framework\system\View\View.php(228): CodeIgniter\Exceptions\FrameworkException::forInvalidFile('admin/pendaftar...')
#1 C:\xampp\htdocs\ohayo\vendor\codeigniter4\framework\system\Common.php(1119): CodeIgniter\View\View->render('admin/pendaftar...', Array, true)
#2 C:\xampp\htdocs\ohayo\app\Controllers\Admin_pendaftaran.php(25): view('admin/pendaftar...', Array)
#3 C:\xampp\htdocs\ohayo\vendor\codeigniter4\framework\system\CodeIgniter.php(918): App\Controllers\Admin_pendaftaran->index()
#4 C:\xampp\htdocs\ohayo\vendor\codeigniter4\framework\system\CodeIgniter.php(404): CodeIgniter\CodeIgniter->runController(Object(App\Controllers\Admin_pendaftaran))
#5 C:\xampp\htdocs\ohayo\vendor\codeigniter4\framework\system\CodeIgniter.php(312): CodeIgniter\CodeIgniter->handleRequest(NULL, Object(Config\Cache), false)
#6 C:\xampp\htdocs\ohayo\public\index.php(45): CodeIgniter\CodeIgniter->run()
#7 C:\xampp\htdocs\ohayo\vendor\codeigniter4\framework\system\Commands\Server\rewrite.php(34): require_once('C:\\xampp\\htdocs...')
#8 {main}
CRITICAL - 2020-11-15 03:57:52 --> Undefined property: App\Controllers\Admin_kelolaPeserta::$pendaftaranModel
#0 C:\xampp\htdocs\ohayo\app\Controllers\Admin_kelolaPeserta.php(168): CodeIgniter\Debug\Exceptions->errorHandler(8, 'Undefined prope...', 'C:\\xampp\\htdocs...', 168, Array)
#1 C:\xampp\htdocs\ohayo\vendor\codeigniter4\framework\system\CodeIgniter.php(918): App\Controllers\Admin_kelolaPeserta->pendaftaran()
#2 C:\xampp\htdocs\ohayo\vendor\codeigniter4\framework\system\CodeIgniter.php(404): CodeIgniter\CodeIgniter->runController(Object(App\Controllers\Admin_kelolaPeserta))
#3 C:\xampp\htdocs\ohayo\vendor\codeigniter4\framework\system\CodeIgniter.php(312): CodeIgniter\CodeIgniter->handleRequest(NULL, Object(Config\Cache), false)
#4 C:\xampp\htdocs\ohayo\public\index.php(45): CodeIgniter\CodeIgniter->run()
#5 C:\xampp\htdocs\ohayo\vendor\codeigniter4\framework\system\Commands\Server\rewrite.php(34): require_once('C:\\xampp\\htdocs...')
#6 {main}
CRITICAL - 2020-11-15 03:59:31 --> Invalid file: admin/formPendaftaranOl_view.php
#0 C:\xampp\htdocs\ohayo\vendor\codeigniter4\framework\system\View\View.php(228): CodeIgniter\Exceptions\FrameworkException::forInvalidFile('admin/formPenda...')
#1 C:\xampp\htdocs\ohayo\vendor\codeigniter4\framework\system\Common.php(1119): CodeIgniter\View\View->render('admin/formPenda...', Array, true)
#2 C:\xampp\htdocs\ohayo\app\Controllers\Admin_pendaftaran.php(37): view('admin/formPenda...', Array)
#3 C:\xampp\htdocs\ohayo\vendor\codeigniter4\framework\system\CodeIgniter.php(918): App\Controllers\Admin_pendaftaran->edit('8')
#4 C:\xampp\htdocs\ohayo\vendor\codeigniter4\framework\system\CodeIgniter.php(404): CodeIgniter\CodeIgniter->runController(Object(App\Controllers\Admin_pendaftaran))
#5 C:\xampp\htdocs\ohayo\vendor\codeigniter4\framework\system\CodeIgniter.php(312): CodeIgniter\CodeIgniter->handleRequest(NULL, Object(Config\Cache), false)
#6 C:\xampp\htdocs\ohayo\public\index.php(45): CodeIgniter\CodeIgniter->run()
#7 C:\xampp\htdocs\ohayo\vendor\codeigniter4\framework\system\Commands\Server\rewrite.php(34): require_once('C:\\xampp\\htdocs...')
#8 {main}
CRITICAL - 2020-11-15 04:01:15 --> Undefined property: App\Controllers\Admin_kelolaPeserta::$pendaftaranModel
#0 C:\xampp\htdocs\ohayo\app\Controllers\Admin_kelolaPeserta.php(187): CodeIgniter\Debug\Exceptions->errorHandler(8, 'Undefined prope...', 'C:\\xampp\\htdocs...', 187, Array)
#1 C:\xampp\htdocs\ohayo\vendor\codeigniter4\framework\system\CodeIgniter.php(918): App\Controllers\Admin_kelolaPeserta->edit_pendaftaran('8')
#2 C:\xampp\htdocs\ohayo\vendor\codeigniter4\framework\system\CodeIgniter.php(404): CodeIgniter\CodeIgniter->runController(Object(App\Controllers\Admin_kelolaPeserta))
#3 C:\xampp\htdocs\ohayo\vendor\codeigniter4\framework\system\CodeIgniter.php(312): CodeIgniter\CodeIgniter->handleRequest(NULL, Object(Config\Cache), false)
#4 C:\xampp\htdocs\ohayo\public\index.php(45): CodeIgniter\CodeIgniter->run()
#5 C:\xampp\htdocs\ohayo\vendor\codeigniter4\framework\system\Commands\Server\rewrite.php(34): require_once('C:\\xampp\\htdocs...')
#6 {main}
CRITICAL - 2020-11-15 07:29:43 --> Invalid file: admin/event_view.php
#0 C:\xampp\htdocs\ohayo\vendor\codeigniter4\framework\system\View\View.php(228): CodeIgniter\Exceptions\FrameworkException::forInvalidFile('admin/event_vie...')
#1 C:\xampp\htdocs\ohayo\vendor\codeigniter4\framework\system\Common.php(1119): CodeIgniter\View\View->render('admin/event_vie...', Array, true)
#2 C:\xampp\htdocs\ohayo\app\Controllers\Admin_kelolaWebsite.php(168): view('admin/event_vie...', Array)
#3 C:\xampp\htdocs\ohayo\vendor\codeigniter4\framework\system\CodeIgniter.php(918): App\Controllers\Admin_kelolaWebsite->event()
#4 C:\xampp\htdocs\ohayo\vendor\codeigniter4\framework\system\CodeIgniter.php(404): CodeIgniter\CodeIgniter->runController(Object(App\Controllers\Admin_kelolaWebsite))
#5 C:\xampp\htdocs\ohayo\vendor\codeigniter4\framework\system\CodeIgniter.php(312): CodeIgniter\CodeIgniter->handleRequest(NULL, Object(Config\Cache), false)
#6 C:\xampp\htdocs\ohayo\public\index.php(45): CodeIgniter\CodeIgniter->run()
#7 C:\xampp\htdocs\ohayo\vendor\codeigniter4\framework\system\Commands\Server\rewrite.php(34): require_once('C:\\xampp\\htdocs...')
#8 {main}
CRITICAL - 2020-11-15 08:11:30 --> Undefined variable: validation
#0 C:\xampp\htdocs\ohayo\app\Views\admin\event\FormBuatEvent_view.php(53): CodeIgniter\Debug\Exceptions->errorHandler(8, 'Undefined varia...', 'C:\\xampp\\htdocs...', 53, Array)
#1 C:\xampp\htdocs\ohayo\vendor\codeigniter4\framework\system\View\View.php(246): include('C:\\xampp\\htdocs...')
#2 C:\xampp\htdocs\ohayo\vendor\codeigniter4\framework\system\Common.php(1119): CodeIgniter\View\View->render('admin/event/for...', Array, true)
#3 C:\xampp\htdocs\ohayo\app\Controllers\Admin_kelolaWebsite.php(177): view('admin/event/for...', Array)
#4 C:\xampp\htdocs\ohayo\vendor\codeigniter4\framework\system\CodeIgniter.php(918): App\Controllers\Admin_kelolaWebsite->buat_event()
#5 C:\xampp\htdocs\ohayo\vendor\codeigniter4\framework\system\CodeIgniter.php(404): CodeIgniter\CodeIgniter->runController(Object(App\Controllers\Admin_kelolaWebsite))
#6 C:\xampp\htdocs\ohayo\vendor\codeigniter4\framework\system\CodeIgniter.php(312): CodeIgniter\CodeIgniter->handleRequest(NULL, Object(Config\Cache), false)
#7 C:\xampp\htdocs\ohayo\public\index.php(45): CodeIgniter\CodeIgniter->run()
#8 C:\xampp\htdocs\ohayo\vendor\codeigniter4\framework\system\Commands\Server\rewrite.php(34): require_once('C:\\xampp\\htdocs...')
#9 {main}
