CRITICAL - 2020-11-04 00:02:02 --> Undefined variable: errors
#0 C:\xampp\htdocs\ohayo\app\Views\admin\formTambahUser_view.php(18): CodeIgniter\Debug\Exceptions->errorHandler(8, 'Undefined varia...', 'C:\\xampp\\htdocs...', 18, Array)
#1 C:\xampp\htdocs\ohayo\vendor\codeigniter4\framework\system\View\View.php(246): include('C:\\xampp\\htdocs...')
#2 C:\xampp\htdocs\ohayo\vendor\codeigniter4\framework\system\Common.php(1119): CodeIgniter\View\View->render('admin/formTamba...', Array, true)
#3 C:\xampp\htdocs\ohayo\app\Controllers\Admin_tambahUser.php(21): view('admin/formTamba...', Array)
#4 C:\xampp\htdocs\ohayo\vendor\codeigniter4\framework\system\CodeIgniter.php(918): App\Controllers\Admin_tambahUser->index()
#5 C:\xampp\htdocs\ohayo\vendor\codeigniter4\framework\system\CodeIgniter.php(404): CodeIgniter\CodeIgniter->runController(Object(App\Controllers\Admin_tambahUser))
#6 C:\xampp\htdocs\ohayo\vendor\codeigniter4\framework\system\CodeIgniter.php(312): CodeIgniter\CodeIgniter->handleRequest(NULL, Object(Config\Cache), false)
#7 C:\xampp\htdocs\ohayo\public\index.php(45): CodeIgniter\CodeIgniter->run()
#8 C:\xampp\htdocs\ohayo\vendor\codeigniter4\framework\system\Commands\Server\rewrite.php(34): require_once('C:\\xampp\\htdocs...')
#9 {main}
CRITICAL - 2020-11-04 00:02:58 --> Invalid argument supplied for foreach()
#0 C:\xampp\htdocs\ohayo\app\Views\admin\formTambahUser_view.php(19): CodeIgniter\Debug\Exceptions->errorHandler(2, 'Invalid argumen...', 'C:\\xampp\\htdocs...', 19, Array)
#1 C:\xampp\htdocs\ohayo\vendor\codeigniter4\framework\system\View\View.php(246): include('C:\\xampp\\htdocs...')
#2 C:\xampp\htdocs\ohayo\vendor\codeigniter4\framework\system\Common.php(1119): CodeIgniter\View\View->render('admin/formTamba...', Array, true)
#3 C:\xampp\htdocs\ohayo\app\Controllers\Admin_tambahUser.php(21): view('admin/formTamba...', Array)
#4 C:\xampp\htdocs\ohayo\vendor\codeigniter4\framework\system\CodeIgniter.php(918): App\Controllers\Admin_tambahUser->index()
#5 C:\xampp\htdocs\ohayo\vendor\codeigniter4\framework\system\CodeIgniter.php(404): CodeIgniter\CodeIgniter->runController(Object(App\Controllers\Admin_tambahUser))
#6 C:\xampp\htdocs\ohayo\vendor\codeigniter4\framework\system\CodeIgniter.php(312): CodeIgniter\CodeIgniter->handleRequest(NULL, Object(Config\Cache), false)
#7 C:\xampp\htdocs\ohayo\public\index.php(45): CodeIgniter\CodeIgniter->run()
#8 C:\xampp\htdocs\ohayo\vendor\codeigniter4\framework\system\Commands\Server\rewrite.php(34): require_once('C:\\xampp\\htdocs...')
#9 {main}
CRITICAL - 2020-11-04 00:07:06 --> Invalid argument supplied for foreach()
#0 C:\xampp\htdocs\ohayo\app\Views\admin\formTambahUser_view.php(28): CodeIgniter\Debug\Exceptions->errorHandler(2, 'Invalid argumen...', 'C:\\xampp\\htdocs...', 28, Array)
#1 C:\xampp\htdocs\ohayo\vendor\codeigniter4\framework\system\View\View.php(246): include('C:\\xampp\\htdocs...')
#2 C:\xampp\htdocs\ohayo\vendor\codeigniter4\framework\system\Common.php(1119): CodeIgniter\View\View->render('admin/formTamba...', Array, true)
#3 C:\xampp\htdocs\ohayo\app\Controllers\Admin_tambahUser.php(21): view('admin/formTamba...', Array)
#4 C:\xampp\htdocs\ohayo\vendor\codeigniter4\framework\system\CodeIgniter.php(918): App\Controllers\Admin_tambahUser->index()
#5 C:\xampp\htdocs\ohayo\vendor\codeigniter4\framework\system\CodeIgniter.php(404): CodeIgniter\CodeIgniter->runController(Object(App\Controllers\Admin_tambahUser))
#6 C:\xampp\htdocs\ohayo\vendor\codeigniter4\framework\system\CodeIgniter.php(312): CodeIgniter\CodeIgniter->handleRequest(NULL, Object(Config\Cache), false)
#7 C:\xampp\htdocs\ohayo\public\index.php(45): CodeIgniter\CodeIgniter->run()
#8 C:\xampp\htdocs\ohayo\vendor\codeigniter4\framework\system\Commands\Server\rewrite.php(34): require_once('C:\\xampp\\htdocs...')
#9 {main}
CRITICAL - 2020-11-04 00:08:49 --> Invalid argument supplied for foreach()
#0 C:\xampp\htdocs\ohayo\app\Views\admin\formTambahUser_view.php(28): CodeIgniter\Debug\Exceptions->errorHandler(2, 'Invalid argumen...', 'C:\\xampp\\htdocs...', 28, Array)
#1 C:\xampp\htdocs\ohayo\vendor\codeigniter4\framework\system\View\View.php(246): include('C:\\xampp\\htdocs...')
#2 C:\xampp\htdocs\ohayo\vendor\codeigniter4\framework\system\Common.php(1119): CodeIgniter\View\View->render('admin/formTamba...', Array, true)
#3 C:\xampp\htdocs\ohayo\app\Controllers\Admin_tambahUser.php(21): view('admin/formTamba...', Array)
#4 C:\xampp\htdocs\ohayo\vendor\codeigniter4\framework\system\CodeIgniter.php(918): App\Controllers\Admin_tambahUser->index()
#5 C:\xampp\htdocs\ohayo\vendor\codeigniter4\framework\system\CodeIgniter.php(404): CodeIgniter\CodeIgniter->runController(Object(App\Controllers\Admin_tambahUser))
#6 C:\xampp\htdocs\ohayo\vendor\codeigniter4\framework\system\CodeIgniter.php(312): CodeIgniter\CodeIgniter->handleRequest(NULL, Object(Config\Cache), false)
#7 C:\xampp\htdocs\ohayo\public\index.php(45): CodeIgniter\CodeIgniter->run()
#8 C:\xampp\htdocs\ohayo\vendor\codeigniter4\framework\system\Commands\Server\rewrite.php(34): require_once('C:\\xampp\\htdocs...')
#9 {main}
CRITICAL - 2020-11-04 00:09:34 --> Invalid argument supplied for foreach()
#0 C:\xampp\htdocs\ohayo\app\Views\admin\formTambahUser_view.php(27): CodeIgniter\Debug\Exceptions->errorHandler(2, 'Invalid argumen...', 'C:\\xampp\\htdocs...', 27, Array)
#1 C:\xampp\htdocs\ohayo\vendor\codeigniter4\framework\system\View\View.php(246): include('C:\\xampp\\htdocs...')
#2 C:\xampp\htdocs\ohayo\vendor\codeigniter4\framework\system\Common.php(1119): CodeIgniter\View\View->render('admin/formTamba...', Array, true)
#3 C:\xampp\htdocs\ohayo\app\Controllers\Admin_tambahUser.php(21): view('admin/formTamba...', Array)
#4 C:\xampp\htdocs\ohayo\vendor\codeigniter4\framework\system\CodeIgniter.php(918): App\Controllers\Admin_tambahUser->index()
#5 C:\xampp\htdocs\ohayo\vendor\codeigniter4\framework\system\CodeIgniter.php(404): CodeIgniter\CodeIgniter->runController(Object(App\Controllers\Admin_tambahUser))
#6 C:\xampp\htdocs\ohayo\vendor\codeigniter4\framework\system\CodeIgniter.php(312): CodeIgniter\CodeIgniter->handleRequest(NULL, Object(Config\Cache), false)
#7 C:\xampp\htdocs\ohayo\public\index.php(45): CodeIgniter\CodeIgniter->run()
#8 C:\xampp\htdocs\ohayo\vendor\codeigniter4\framework\system\Commands\Server\rewrite.php(34): require_once('C:\\xampp\\htdocs...')
#9 {main}
CRITICAL - 2020-11-04 00:10:01 --> Invalid argument supplied for foreach()
#0 C:\xampp\htdocs\ohayo\app\Views\admin\formTambahUser_view.php(19): CodeIgniter\Debug\Exceptions->errorHandler(2, 'Invalid argumen...', 'C:\\xampp\\htdocs...', 19, Array)
#1 C:\xampp\htdocs\ohayo\vendor\codeigniter4\framework\system\View\View.php(246): include('C:\\xampp\\htdocs...')
#2 C:\xampp\htdocs\ohayo\vendor\codeigniter4\framework\system\Common.php(1119): CodeIgniter\View\View->render('admin/formTamba...', Array, true)
#3 C:\xampp\htdocs\ohayo\app\Controllers\Admin_tambahUser.php(21): view('admin/formTamba...', Array)
#4 C:\xampp\htdocs\ohayo\vendor\codeigniter4\framework\system\CodeIgniter.php(918): App\Controllers\Admin_tambahUser->index()
#5 C:\xampp\htdocs\ohayo\vendor\codeigniter4\framework\system\CodeIgniter.php(404): CodeIgniter\CodeIgniter->runController(Object(App\Controllers\Admin_tambahUser))
#6 C:\xampp\htdocs\ohayo\vendor\codeigniter4\framework\system\CodeIgniter.php(312): CodeIgniter\CodeIgniter->handleRequest(NULL, Object(Config\Cache), false)
#7 C:\xampp\htdocs\ohayo\public\index.php(45): CodeIgniter\CodeIgniter->run()
#8 C:\xampp\htdocs\ohayo\vendor\codeigniter4\framework\system\Commands\Server\rewrite.php(34): require_once('C:\\xampp\\htdocs...')
#9 {main}
CRITICAL - 2020-11-04 00:19:37 --> Invalid argument supplied for foreach()
#0 C:\xampp\htdocs\ohayo\app\Views\admin\formTambahUser_view.php(19): CodeIgniter\Debug\Exceptions->errorHandler(2, 'Invalid argumen...', 'C:\\xampp\\htdocs...', 19, Array)
#1 C:\xampp\htdocs\ohayo\vendor\codeigniter4\framework\system\View\View.php(246): include('C:\\xampp\\htdocs...')
#2 C:\xampp\htdocs\ohayo\vendor\codeigniter4\framework\system\Common.php(1119): CodeIgniter\View\View->render('admin/formTamba...', Array, true)
#3 C:\xampp\htdocs\ohayo\app\Controllers\Admin_tambahUser.php(21): view('admin/formTamba...', Array)
#4 C:\xampp\htdocs\ohayo\vendor\codeigniter4\framework\system\CodeIgniter.php(918): App\Controllers\Admin_tambahUser->index()
#5 C:\xampp\htdocs\ohayo\vendor\codeigniter4\framework\system\CodeIgniter.php(404): CodeIgniter\CodeIgniter->runController(Object(App\Controllers\Admin_tambahUser))
#6 C:\xampp\htdocs\ohayo\vendor\codeigniter4\framework\system\CodeIgniter.php(312): CodeIgniter\CodeIgniter->handleRequest(NULL, Object(Config\Cache), false)
#7 C:\xampp\htdocs\ohayo\public\index.php(45): CodeIgniter\CodeIgniter->run()
#8 C:\xampp\htdocs\ohayo\vendor\codeigniter4\framework\system\Commands\Server\rewrite.php(34): require_once('C:\\xampp\\htdocs...')
#9 {main}
CRITICAL - 2020-11-04 00:21:54 --> Undefined variable: errors
#0 C:\xampp\htdocs\ohayo\app\Views\admin\formTambahUser_view.php(17): CodeIgniter\Debug\Exceptions->errorHandler(8, 'Undefined varia...', 'C:\\xampp\\htdocs...', 17, Array)
#1 C:\xampp\htdocs\ohayo\vendor\codeigniter4\framework\system\View\View.php(246): include('C:\\xampp\\htdocs...')
#2 C:\xampp\htdocs\ohayo\vendor\codeigniter4\framework\system\Common.php(1119): CodeIgniter\View\View->render('admin/formTamba...', Array, true)
#3 C:\xampp\htdocs\ohayo\app\Controllers\Admin_tambahUser.php(17): view('admin/formTamba...', Array)
#4 C:\xampp\htdocs\ohayo\vendor\codeigniter4\framework\system\CodeIgniter.php(918): App\Controllers\Admin_tambahUser->index()
#5 C:\xampp\htdocs\ohayo\vendor\codeigniter4\framework\system\CodeIgniter.php(404): CodeIgniter\CodeIgniter->runController(Object(App\Controllers\Admin_tambahUser))
#6 C:\xampp\htdocs\ohayo\vendor\codeigniter4\framework\system\CodeIgniter.php(312): CodeIgniter\CodeIgniter->handleRequest(NULL, Object(Config\Cache), false)
#7 C:\xampp\htdocs\ohayo\public\index.php(45): CodeIgniter\CodeIgniter->run()
#8 C:\xampp\htdocs\ohayo\vendor\codeigniter4\framework\system\Commands\Server\rewrite.php(34): require_once('C:\\xampp\\htdocs...')
#9 {main}
CRITICAL - 2020-11-04 00:24:43 --> Column 'nama' cannot be null
#0 C:\xampp\htdocs\ohayo\vendor\codeigniter4\framework\system\Database\MySQLi\Connection.php(331): mysqli->query('INSERT INTO `us...')
#1 C:\xampp\htdocs\ohayo\vendor\codeigniter4\framework\system\Database\BaseConnection.php(741): CodeIgniter\Database\MySQLi\Connection->execute('INSERT INTO `us...')
#2 C:\xampp\htdocs\ohayo\vendor\codeigniter4\framework\system\Database\BaseConnection.php(669): CodeIgniter\Database\BaseConnection->simpleQuery('INSERT INTO `us...')
#3 C:\xampp\htdocs\ohayo\vendor\codeigniter4\framework\system\Database\BaseBuilder.php(2249): CodeIgniter\Database\BaseConnection->query('INSERT INTO `us...', Array, false)
#4 C:\xampp\htdocs\ohayo\vendor\codeigniter4\framework\system\Model.php(755): CodeIgniter\Database\BaseBuilder->insert()
#5 C:\xampp\htdocs\ohayo\app\Controllers\Admin_tambahUser.php(30): CodeIgniter\Model->insert(Array)
#6 C:\xampp\htdocs\ohayo\vendor\codeigniter4\framework\system\CodeIgniter.php(918): App\Controllers\Admin_tambahUser->register()
#7 C:\xampp\htdocs\ohayo\vendor\codeigniter4\framework\system\CodeIgniter.php(404): CodeIgniter\CodeIgniter->runController(Object(App\Controllers\Admin_tambahUser))
#8 C:\xampp\htdocs\ohayo\vendor\codeigniter4\framework\system\CodeIgniter.php(312): CodeIgniter\CodeIgniter->handleRequest(NULL, Object(Config\Cache), false)
#9 C:\xampp\htdocs\ohayo\public\index.php(45): CodeIgniter\CodeIgniter->run()
#10 C:\xampp\htdocs\ohayo\vendor\codeigniter4\framework\system\Commands\Server\rewrite.php(34): require_once('C:\\xampp\\htdocs...')
#11 {main}
CRITICAL - 2020-11-04 00:26:34 --> Column 'nama' cannot be null
#0 C:\xampp\htdocs\ohayo\vendor\codeigniter4\framework\system\Database\MySQLi\Connection.php(331): mysqli->query('INSERT INTO `us...')
#1 C:\xampp\htdocs\ohayo\vendor\codeigniter4\framework\system\Database\BaseConnection.php(741): CodeIgniter\Database\MySQLi\Connection->execute('INSERT INTO `us...')
#2 C:\xampp\htdocs\ohayo\vendor\codeigniter4\framework\system\Database\BaseConnection.php(669): CodeIgniter\Database\BaseConnection->simpleQuery('INSERT INTO `us...')
#3 C:\xampp\htdocs\ohayo\vendor\codeigniter4\framework\system\Database\BaseBuilder.php(2249): CodeIgniter\Database\BaseConnection->query('INSERT INTO `us...', Array, false)
#4 C:\xampp\htdocs\ohayo\vendor\codeigniter4\framework\system\Model.php(755): CodeIgniter\Database\BaseBuilder->insert()
#5 C:\xampp\htdocs\ohayo\app\Controllers\Admin_tambahUser.php(30): CodeIgniter\Model->insert(Array)
#6 C:\xampp\htdocs\ohayo\vendor\codeigniter4\framework\system\CodeIgniter.php(918): App\Controllers\Admin_tambahUser->register()
#7 C:\xampp\htdocs\ohayo\vendor\codeigniter4\framework\system\CodeIgniter.php(404): CodeIgniter\CodeIgniter->runController(Object(App\Controllers\Admin_tambahUser))
#8 C:\xampp\htdocs\ohayo\vendor\codeigniter4\framework\system\CodeIgniter.php(312): CodeIgniter\CodeIgniter->handleRequest(NULL, Object(Config\Cache), false)
#9 C:\xampp\htdocs\ohayo\public\index.php(45): CodeIgniter\CodeIgniter->run()
#10 C:\xampp\htdocs\ohayo\vendor\codeigniter4\framework\system\Commands\Server\rewrite.php(34): require_once('C:\\xampp\\htdocs...')
#11 {main}
CRITICAL - 2020-11-04 00:30:28 --> You must set the database table to be used with your query.
#0 C:\xampp\htdocs\ohayo\vendor\codeigniter4\framework\system\Model.php(1237): CodeIgniter\Database\BaseConnection->table(NULL)
#1 C:\xampp\htdocs\ohayo\vendor\codeigniter4\framework\system\Model.php(1816): CodeIgniter\Model->builder()
#2 C:\xampp\htdocs\ohayo\app\Controllers\Login.php(20): CodeIgniter\Model->__call('get_data_login', Array)
#3 C:\xampp\htdocs\ohayo\vendor\codeigniter4\framework\system\CodeIgniter.php(918): App\Controllers\Login->masuk()
#4 C:\xampp\htdocs\ohayo\vendor\codeigniter4\framework\system\CodeIgniter.php(404): CodeIgniter\CodeIgniter->runController(Object(App\Controllers\Login))
#5 C:\xampp\htdocs\ohayo\vendor\codeigniter4\framework\system\CodeIgniter.php(312): CodeIgniter\CodeIgniter->handleRequest(NULL, Object(Config\Cache), false)
#6 C:\xampp\htdocs\ohayo\public\index.php(45): CodeIgniter\CodeIgniter->run()
#7 C:\xampp\htdocs\ohayo\vendor\codeigniter4\framework\system\Commands\Server\rewrite.php(34): require_once('C:\\xampp\\htdocs...')
#8 {main}
CRITICAL - 2020-11-04 00:36:49 --> You must set the database table to be used with your query.
#0 C:\xampp\htdocs\ohayo\vendor\codeigniter4\framework\system\Model.php(1237): CodeIgniter\Database\BaseConnection->table(NULL)
#1 C:\xampp\htdocs\ohayo\vendor\codeigniter4\framework\system\Model.php(1816): CodeIgniter\Model->builder()
#2 C:\xampp\htdocs\ohayo\app\Controllers\Login.php(20): CodeIgniter\Model->__call('get_data_login', Array)
#3 C:\xampp\htdocs\ohayo\vendor\codeigniter4\framework\system\CodeIgniter.php(918): App\Controllers\Login->masuk()
#4 C:\xampp\htdocs\ohayo\vendor\codeigniter4\framework\system\CodeIgniter.php(404): CodeIgniter\CodeIgniter->runController(Object(App\Controllers\Login))
#5 C:\xampp\htdocs\ohayo\vendor\codeigniter4\framework\system\CodeIgniter.php(312): CodeIgniter\CodeIgniter->handleRequest(NULL, Object(Config\Cache), false)
#6 C:\xampp\htdocs\ohayo\public\index.php(45): CodeIgniter\CodeIgniter->run()
#7 C:\xampp\htdocs\ohayo\vendor\codeigniter4\framework\system\Commands\Server\rewrite.php(34): require_once('C:\\xampp\\htdocs...')
#8 {main}
CRITICAL - 2020-11-04 00:39:11 --> You must set the database table to be used with your query.
#0 C:\xampp\htdocs\ohayo\vendor\codeigniter4\framework\system\Model.php(1237): CodeIgniter\Database\BaseConnection->table(NULL)
#1 C:\xampp\htdocs\ohayo\vendor\codeigniter4\framework\system\Model.php(1816): CodeIgniter\Model->builder()
#2 C:\xampp\htdocs\ohayo\app\Controllers\Login.php(20): CodeIgniter\Model->__call('get_data_login', Array)
#3 C:\xampp\htdocs\ohayo\vendor\codeigniter4\framework\system\CodeIgniter.php(918): App\Controllers\Login->masuk()
#4 C:\xampp\htdocs\ohayo\vendor\codeigniter4\framework\system\CodeIgniter.php(404): CodeIgniter\CodeIgniter->runController(Object(App\Controllers\Login))
#5 C:\xampp\htdocs\ohayo\vendor\codeigniter4\framework\system\CodeIgniter.php(312): CodeIgniter\CodeIgniter->handleRequest(NULL, Object(Config\Cache), false)
#6 C:\xampp\htdocs\ohayo\public\index.php(45): CodeIgniter\CodeIgniter->run()
#7 C:\xampp\htdocs\ohayo\vendor\codeigniter4\framework\system\Commands\Server\rewrite.php(34): require_once('C:\\xampp\\htdocs...')
#8 {main}
CRITICAL - 2020-11-04 02:02:52 --> Invalid file: formTambahUser_view.php
#0 C:\xampp\htdocs\ohayo\vendor\codeigniter4\framework\system\View\View.php(228): CodeIgniter\Exceptions\FrameworkException::forInvalidFile('formTambahUser_...')
#1 C:\xampp\htdocs\ohayo\vendor\codeigniter4\framework\system\Common.php(1119): CodeIgniter\View\View->render('formTambahUser_...', Array, true)
#2 C:\xampp\htdocs\ohayo\app\Controllers\Admin_tambahUser.php(56): view('formTambahUser_...')
#3 C:\xampp\htdocs\ohayo\vendor\codeigniter4\framework\system\CodeIgniter.php(918): App\Controllers\Admin_tambahUser->register()
#4 C:\xampp\htdocs\ohayo\vendor\codeigniter4\framework\system\CodeIgniter.php(404): CodeIgniter\CodeIgniter->runController(Object(App\Controllers\Admin_tambahUser))
#5 C:\xampp\htdocs\ohayo\vendor\codeigniter4\framework\system\CodeIgniter.php(312): CodeIgniter\CodeIgniter->handleRequest(NULL, Object(Config\Cache), false)
#6 C:\xampp\htdocs\ohayo\public\index.php(45): CodeIgniter\CodeIgniter->run()
#7 C:\xampp\htdocs\ohayo\vendor\codeigniter4\framework\system\Commands\Server\rewrite.php(34): require_once('C:\\xampp\\htdocs...')
#8 {main}
CRITICAL - 2020-11-04 02:03:37 --> Undefined variable: tittle
#0 C:\xampp\htdocs\ohayo\app\Views\layout\admin_template.php(13): CodeIgniter\Debug\Exceptions->errorHandler(8, 'Undefined varia...', 'C:\\xampp\\htdocs...', 13, Array)
#1 C:\xampp\htdocs\ohayo\vendor\codeigniter4\framework\system\View\View.php(246): include('C:\\xampp\\htdocs...')
#2 C:\xampp\htdocs\ohayo\vendor\codeigniter4\framework\system\View\View.php(257): CodeIgniter\View\View->render('layout/admin_te...', Array, true)
#3 C:\xampp\htdocs\ohayo\vendor\codeigniter4\framework\system\Common.php(1119): CodeIgniter\View\View->render('/admin/formTamb...', Array, true)
#4 C:\xampp\htdocs\ohayo\app\Controllers\Admin_tambahUser.php(56): view('/admin/formTamb...')
#5 C:\xampp\htdocs\ohayo\vendor\codeigniter4\framework\system\CodeIgniter.php(918): App\Controllers\Admin_tambahUser->register()
#6 C:\xampp\htdocs\ohayo\vendor\codeigniter4\framework\system\CodeIgniter.php(404): CodeIgniter\CodeIgniter->runController(Object(App\Controllers\Admin_tambahUser))
#7 C:\xampp\htdocs\ohayo\vendor\codeigniter4\framework\system\CodeIgniter.php(312): CodeIgniter\CodeIgniter->handleRequest(NULL, Object(Config\Cache), false)
#8 C:\xampp\htdocs\ohayo\public\index.php(45): CodeIgniter\CodeIgniter->run()
#9 C:\xampp\htdocs\ohayo\vendor\codeigniter4\framework\system\Commands\Server\rewrite.php(34): require_once('C:\\xampp\\htdocs...')
#10 {main}
CRITICAL - 2020-11-04 03:03:58 --> Array to string conversion
#0 C:\xampp\htdocs\ohayo\app\Views\admin\formTambahUser_view.php(22): CodeIgniter\Debug\Exceptions->errorHandler(8, 'Array to string...', 'C:\\xampp\\htdocs...', 22, Array)
#1 C:\xampp\htdocs\ohayo\vendor\codeigniter4\framework\system\View\View.php(246): include('C:\\xampp\\htdocs...')
#2 C:\xampp\htdocs\ohayo\vendor\codeigniter4\framework\system\Common.php(1119): CodeIgniter\View\View->render('admin/formTamba...', Array, true)
#3 C:\xampp\htdocs\ohayo\app\Controllers\Admin_tambahUser.php(17): view('admin/formTamba...', Array)
#4 C:\xampp\htdocs\ohayo\vendor\codeigniter4\framework\system\CodeIgniter.php(918): App\Controllers\Admin_tambahUser->index()
#5 C:\xampp\htdocs\ohayo\vendor\codeigniter4\framework\system\CodeIgniter.php(404): CodeIgniter\CodeIgniter->runController(Object(App\Controllers\Admin_tambahUser))
#6 C:\xampp\htdocs\ohayo\vendor\codeigniter4\framework\system\CodeIgniter.php(312): CodeIgniter\CodeIgniter->handleRequest(NULL, Object(Config\Cache), false)
#7 C:\xampp\htdocs\ohayo\public\index.php(45): CodeIgniter\CodeIgniter->run()
#8 C:\xampp\htdocs\ohayo\vendor\codeigniter4\framework\system\Commands\Server\rewrite.php(34): require_once('C:\\xampp\\htdocs...')
#9 {main}
