CRITICAL - 2020-11-20 00:05:24 --> Call to undefined method CodeIgniter\View\View::session()
#0 C:\xampp\htdocs\ohayo\vendor\codeigniter4\framework\system\View\View.php(246): include()
#1 C:\xampp\htdocs\ohayo\vendor\codeigniter4\framework\system\View\View.php(525): CodeIgniter\View\View->render('layout/navbar', NULL, true)
#2 C:\xampp\htdocs\ohayo\app\Views\layout\main_template.php(29): CodeIgniter\View\View->include('layout/navbar')
#3 C:\xampp\htdocs\ohayo\vendor\codeigniter4\framework\system\View\View.php(246): include('C:\\xampp\\htdocs...')
#4 C:\xampp\htdocs\ohayo\vendor\codeigniter4\framework\system\View\View.php(257): CodeIgniter\View\View->render('layout/main_tem...', Array, true)
#5 C:\xampp\htdocs\ohayo\vendor\codeigniter4\framework\system\Common.php(1119): CodeIgniter\View\View->render('costumer/landin...', Array, true)
#6 C:\xampp\htdocs\ohayo\app\Controllers\Home.php(28): view('costumer/landin...', Array)
#7 C:\xampp\htdocs\ohayo\vendor\codeigniter4\framework\system\CodeIgniter.php(918): App\Controllers\Home->index()
#8 C:\xampp\htdocs\ohayo\vendor\codeigniter4\framework\system\CodeIgniter.php(404): CodeIgniter\CodeIgniter->runController(Object(App\Controllers\Home))
#9 C:\xampp\htdocs\ohayo\vendor\codeigniter4\framework\system\CodeIgniter.php(312): CodeIgniter\CodeIgniter->handleRequest(NULL, Object(Config\Cache), false)
#10 C:\xampp\htdocs\ohayo\public\index.php(45): CodeIgniter\CodeIgniter->run()
#11 C:\xampp\htdocs\ohayo\vendor\codeigniter4\framework\system\Commands\Server\rewrite.php(34): require_once('C:\\xampp\\htdocs...')
#12 {main}
CRITICAL - 2020-11-20 00:05:37 --> Undefined property: CodeIgniter\View\View::$session
#0 C:\xampp\htdocs\ohayo\app\Views\layout\navbar.php(45): CodeIgniter\Debug\Exceptions->errorHandler(8, 'Undefined prope...', 'C:\\xampp\\htdocs...', 45, Array)
#1 C:\xampp\htdocs\ohayo\vendor\codeigniter4\framework\system\View\View.php(246): include('C:\\xampp\\htdocs...')
#2 C:\xampp\htdocs\ohayo\vendor\codeigniter4\framework\system\View\View.php(525): CodeIgniter\View\View->render('layout/navbar', NULL, true)
#3 C:\xampp\htdocs\ohayo\app\Views\layout\main_template.php(29): CodeIgniter\View\View->include('layout/navbar')
#4 C:\xampp\htdocs\ohayo\vendor\codeigniter4\framework\system\View\View.php(246): include('C:\\xampp\\htdocs...')
#5 C:\xampp\htdocs\ohayo\vendor\codeigniter4\framework\system\View\View.php(257): CodeIgniter\View\View->render('layout/main_tem...', Array, true)
#6 C:\xampp\htdocs\ohayo\vendor\codeigniter4\framework\system\Common.php(1119): CodeIgniter\View\View->render('costumer/landin...', Array, true)
#7 C:\xampp\htdocs\ohayo\app\Controllers\Home.php(28): view('costumer/landin...', Array)
#8 C:\xampp\htdocs\ohayo\vendor\codeigniter4\framework\system\CodeIgniter.php(918): App\Controllers\Home->index()
#9 C:\xampp\htdocs\ohayo\vendor\codeigniter4\framework\system\CodeIgniter.php(404): CodeIgniter\CodeIgniter->runController(Object(App\Controllers\Home))
#10 C:\xampp\htdocs\ohayo\vendor\codeigniter4\framework\system\CodeIgniter.php(312): CodeIgniter\CodeIgniter->handleRequest(NULL, Object(Config\Cache), false)
#11 C:\xampp\htdocs\ohayo\public\index.php(45): CodeIgniter\CodeIgniter->run()
#12 C:\xampp\htdocs\ohayo\vendor\codeigniter4\framework\system\Commands\Server\rewrite.php(34): require_once('C:\\xampp\\htdocs...')
#13 {main}
CRITICAL - 2020-11-20 00:06:40 --> Undefined property: CodeIgniter\View\View::$session
#0 C:\xampp\htdocs\ohayo\app\Views\layout\navbar.php(45): CodeIgniter\Debug\Exceptions->errorHandler(8, 'Undefined prope...', 'C:\\xampp\\htdocs...', 45, Array)
#1 C:\xampp\htdocs\ohayo\vendor\codeigniter4\framework\system\View\View.php(246): include('C:\\xampp\\htdocs...')
#2 C:\xampp\htdocs\ohayo\vendor\codeigniter4\framework\system\View\View.php(525): CodeIgniter\View\View->render('layout/navbar', NULL, true)
#3 C:\xampp\htdocs\ohayo\app\Views\layout\main_template.php(29): CodeIgniter\View\View->include('layout/navbar')
#4 C:\xampp\htdocs\ohayo\vendor\codeigniter4\framework\system\View\View.php(246): include('C:\\xampp\\htdocs...')
#5 C:\xampp\htdocs\ohayo\vendor\codeigniter4\framework\system\View\View.php(257): CodeIgniter\View\View->render('layout/main_tem...', Array, true)
#6 C:\xampp\htdocs\ohayo\vendor\codeigniter4\framework\system\Common.php(1119): CodeIgniter\View\View->render('costumer/landin...', Array, true)
#7 C:\xampp\htdocs\ohayo\app\Controllers\Home.php(28): view('costumer/landin...', Array)
#8 C:\xampp\htdocs\ohayo\vendor\codeigniter4\framework\system\CodeIgniter.php(918): App\Controllers\Home->index()
#9 C:\xampp\htdocs\ohayo\vendor\codeigniter4\framework\system\CodeIgniter.php(404): CodeIgniter\CodeIgniter->runController(Object(App\Controllers\Home))
#10 C:\xampp\htdocs\ohayo\vendor\codeigniter4\framework\system\CodeIgniter.php(312): CodeIgniter\CodeIgniter->handleRequest(NULL, Object(Config\Cache), false)
#11 C:\xampp\htdocs\ohayo\public\index.php(45): CodeIgniter\CodeIgniter->run()
#12 C:\xampp\htdocs\ohayo\vendor\codeigniter4\framework\system\Commands\Server\rewrite.php(34): require_once('C:\\xampp\\htdocs...')
#13 {main}
CRITICAL - 2020-11-20 00:06:50 --> Undefined property: CodeIgniter\View\View::$session
#0 C:\xampp\htdocs\ohayo\app\Views\layout\navbar.php(45): CodeIgniter\Debug\Exceptions->errorHandler(8, 'Undefined prope...', 'C:\\xampp\\htdocs...', 45, Array)
#1 C:\xampp\htdocs\ohayo\vendor\codeigniter4\framework\system\View\View.php(246): include('C:\\xampp\\htdocs...')
#2 C:\xampp\htdocs\ohayo\vendor\codeigniter4\framework\system\View\View.php(525): CodeIgniter\View\View->render('layout/navbar', NULL, true)
#3 C:\xampp\htdocs\ohayo\app\Views\layout\main_template.php(29): CodeIgniter\View\View->include('layout/navbar')
#4 C:\xampp\htdocs\ohayo\vendor\codeigniter4\framework\system\View\View.php(246): include('C:\\xampp\\htdocs...')
#5 C:\xampp\htdocs\ohayo\vendor\codeigniter4\framework\system\View\View.php(257): CodeIgniter\View\View->render('layout/main_tem...', Array, true)
#6 C:\xampp\htdocs\ohayo\vendor\codeigniter4\framework\system\Common.php(1119): CodeIgniter\View\View->render('costumer/landin...', Array, true)
#7 C:\xampp\htdocs\ohayo\app\Controllers\Home.php(28): view('costumer/landin...', Array)
#8 C:\xampp\htdocs\ohayo\vendor\codeigniter4\framework\system\CodeIgniter.php(918): App\Controllers\Home->index()
#9 C:\xampp\htdocs\ohayo\vendor\codeigniter4\framework\system\CodeIgniter.php(404): CodeIgniter\CodeIgniter->runController(Object(App\Controllers\Home))
#10 C:\xampp\htdocs\ohayo\vendor\codeigniter4\framework\system\CodeIgniter.php(312): CodeIgniter\CodeIgniter->handleRequest(NULL, Object(Config\Cache), false)
#11 C:\xampp\htdocs\ohayo\public\index.php(45): CodeIgniter\CodeIgniter->run()
#12 C:\xampp\htdocs\ohayo\vendor\codeigniter4\framework\system\Commands\Server\rewrite.php(34): require_once('C:\\xampp\\htdocs...')
#13 {main}
CRITICAL - 2020-11-20 00:07:23 --> Call to undefined method CodeIgniter\View\View::session()
#0 C:\xampp\htdocs\ohayo\vendor\codeigniter4\framework\system\View\View.php(246): include()
#1 C:\xampp\htdocs\ohayo\vendor\codeigniter4\framework\system\View\View.php(525): CodeIgniter\View\View->render('layout/navbar', NULL, true)
#2 C:\xampp\htdocs\ohayo\app\Views\layout\main_template.php(29): CodeIgniter\View\View->include('layout/navbar')
#3 C:\xampp\htdocs\ohayo\vendor\codeigniter4\framework\system\View\View.php(246): include('C:\\xampp\\htdocs...')
#4 C:\xampp\htdocs\ohayo\vendor\codeigniter4\framework\system\View\View.php(257): CodeIgniter\View\View->render('layout/main_tem...', Array, true)
#5 C:\xampp\htdocs\ohayo\vendor\codeigniter4\framework\system\Common.php(1119): CodeIgniter\View\View->render('costumer/landin...', Array, true)
#6 C:\xampp\htdocs\ohayo\app\Controllers\Home.php(28): view('costumer/landin...', Array)
#7 C:\xampp\htdocs\ohayo\vendor\codeigniter4\framework\system\CodeIgniter.php(918): App\Controllers\Home->index()
#8 C:\xampp\htdocs\ohayo\vendor\codeigniter4\framework\system\CodeIgniter.php(404): CodeIgniter\CodeIgniter->runController(Object(App\Controllers\Home))
#9 C:\xampp\htdocs\ohayo\vendor\codeigniter4\framework\system\CodeIgniter.php(312): CodeIgniter\CodeIgniter->handleRequest(NULL, Object(Config\Cache), false)
#10 C:\xampp\htdocs\ohayo\public\index.php(45): CodeIgniter\CodeIgniter->run()
#11 C:\xampp\htdocs\ohayo\vendor\codeigniter4\framework\system\Commands\Server\rewrite.php(34): require_once('C:\\xampp\\htdocs...')
#12 {main}
CRITICAL - 2020-11-20 00:09:06 --> Undefined variable: session
#0 C:\xampp\htdocs\ohayo\app\Views\layout\navbar.php(45): CodeIgniter\Debug\Exceptions->errorHandler(8, 'Undefined varia...', 'C:\\xampp\\htdocs...', 45, Array)
#1 C:\xampp\htdocs\ohayo\vendor\codeigniter4\framework\system\View\View.php(246): include('C:\\xampp\\htdocs...')
#2 C:\xampp\htdocs\ohayo\vendor\codeigniter4\framework\system\View\View.php(525): CodeIgniter\View\View->render('layout/navbar', NULL, true)
#3 C:\xampp\htdocs\ohayo\app\Views\layout\main_template.php(29): CodeIgniter\View\View->include('layout/navbar')
#4 C:\xampp\htdocs\ohayo\vendor\codeigniter4\framework\system\View\View.php(246): include('C:\\xampp\\htdocs...')
#5 C:\xampp\htdocs\ohayo\vendor\codeigniter4\framework\system\View\View.php(257): CodeIgniter\View\View->render('layout/main_tem...', Array, true)
#6 C:\xampp\htdocs\ohayo\vendor\codeigniter4\framework\system\Common.php(1119): CodeIgniter\View\View->render('costumer/landin...', Array, true)
#7 C:\xampp\htdocs\ohayo\app\Controllers\Home.php(28): view('costumer/landin...', Array)
#8 C:\xampp\htdocs\ohayo\vendor\codeigniter4\framework\system\CodeIgniter.php(918): App\Controllers\Home->index()
#9 C:\xampp\htdocs\ohayo\vendor\codeigniter4\framework\system\CodeIgniter.php(404): CodeIgniter\CodeIgniter->runController(Object(App\Controllers\Home))
#10 C:\xampp\htdocs\ohayo\vendor\codeigniter4\framework\system\CodeIgniter.php(312): CodeIgniter\CodeIgniter->handleRequest(NULL, Object(Config\Cache), false)
#11 C:\xampp\htdocs\ohayo\public\index.php(45): CodeIgniter\CodeIgniter->run()
#12 C:\xampp\htdocs\ohayo\vendor\codeigniter4\framework\system\Commands\Server\rewrite.php(34): require_once('C:\\xampp\\htdocs...')
#13 {main}
CRITICAL - 2020-11-20 00:09:17 --> Undefined property: CodeIgniter\View\View::$session
#0 C:\xampp\htdocs\ohayo\app\Views\layout\navbar.php(45): CodeIgniter\Debug\Exceptions->errorHandler(8, 'Undefined prope...', 'C:\\xampp\\htdocs...', 45, Array)
#1 C:\xampp\htdocs\ohayo\vendor\codeigniter4\framework\system\View\View.php(246): include('C:\\xampp\\htdocs...')
#2 C:\xampp\htdocs\ohayo\vendor\codeigniter4\framework\system\View\View.php(525): CodeIgniter\View\View->render('layout/navbar', NULL, true)
#3 C:\xampp\htdocs\ohayo\app\Views\layout\main_template.php(29): CodeIgniter\View\View->include('layout/navbar')
#4 C:\xampp\htdocs\ohayo\vendor\codeigniter4\framework\system\View\View.php(246): include('C:\\xampp\\htdocs...')
#5 C:\xampp\htdocs\ohayo\vendor\codeigniter4\framework\system\View\View.php(257): CodeIgniter\View\View->render('layout/main_tem...', Array, true)
#6 C:\xampp\htdocs\ohayo\vendor\codeigniter4\framework\system\Common.php(1119): CodeIgniter\View\View->render('costumer/landin...', Array, true)
#7 C:\xampp\htdocs\ohayo\app\Controllers\Home.php(28): view('costumer/landin...', Array)
#8 C:\xampp\htdocs\ohayo\vendor\codeigniter4\framework\system\CodeIgniter.php(918): App\Controllers\Home->index()
#9 C:\xampp\htdocs\ohayo\vendor\codeigniter4\framework\system\CodeIgniter.php(404): CodeIgniter\CodeIgniter->runController(Object(App\Controllers\Home))
#10 C:\xampp\htdocs\ohayo\vendor\codeigniter4\framework\system\CodeIgniter.php(312): CodeIgniter\CodeIgniter->handleRequest(NULL, Object(Config\Cache), false)
#11 C:\xampp\htdocs\ohayo\public\index.php(45): CodeIgniter\CodeIgniter->run()
#12 C:\xampp\htdocs\ohayo\vendor\codeigniter4\framework\system\Commands\Server\rewrite.php(34): require_once('C:\\xampp\\htdocs...')
#13 {main}
CRITICAL - 2020-11-20 00:12:44 --> Call to undefined method CodeIgniter\View\View::session()
#0 C:\xampp\htdocs\ohayo\vendor\codeigniter4\framework\system\View\View.php(246): include()
#1 C:\xampp\htdocs\ohayo\vendor\codeigniter4\framework\system\View\View.php(525): CodeIgniter\View\View->render('layout/navbar', NULL, true)
#2 C:\xampp\htdocs\ohayo\app\Views\layout\main_template.php(29): CodeIgniter\View\View->include('layout/navbar')
#3 C:\xampp\htdocs\ohayo\vendor\codeigniter4\framework\system\View\View.php(246): include('C:\\xampp\\htdocs...')
#4 C:\xampp\htdocs\ohayo\vendor\codeigniter4\framework\system\View\View.php(257): CodeIgniter\View\View->render('layout/main_tem...', Array, true)
#5 C:\xampp\htdocs\ohayo\vendor\codeigniter4\framework\system\Common.php(1119): CodeIgniter\View\View->render('costumer/landin...', Array, true)
#6 C:\xampp\htdocs\ohayo\app\Controllers\Home.php(28): view('costumer/landin...', Array)
#7 C:\xampp\htdocs\ohayo\vendor\codeigniter4\framework\system\CodeIgniter.php(918): App\Controllers\Home->index()
#8 C:\xampp\htdocs\ohayo\vendor\codeigniter4\framework\system\CodeIgniter.php(404): CodeIgniter\CodeIgniter->runController(Object(App\Controllers\Home))
#9 C:\xampp\htdocs\ohayo\vendor\codeigniter4\framework\system\CodeIgniter.php(312): CodeIgniter\CodeIgniter->handleRequest(NULL, Object(Config\Cache), false)
#10 C:\xampp\htdocs\ohayo\public\index.php(45): CodeIgniter\CodeIgniter->run()
#11 C:\xampp\htdocs\ohayo\vendor\codeigniter4\framework\system\Commands\Server\rewrite.php(34): require_once('C:\\xampp\\htdocs...')
#12 {main}
CRITICAL - 2020-11-20 00:15:33 --> Call to undefined method CodeIgniter\View\View::session()
#0 C:\xampp\htdocs\ohayo\vendor\codeigniter4\framework\system\View\View.php(246): include()
#1 C:\xampp\htdocs\ohayo\vendor\codeigniter4\framework\system\View\View.php(525): CodeIgniter\View\View->render('layout/navbar', NULL, true)
#2 C:\xampp\htdocs\ohayo\app\Views\layout\main_template.php(29): CodeIgniter\View\View->include('layout/navbar')
#3 C:\xampp\htdocs\ohayo\vendor\codeigniter4\framework\system\View\View.php(246): include('C:\\xampp\\htdocs...')
#4 C:\xampp\htdocs\ohayo\vendor\codeigniter4\framework\system\View\View.php(257): CodeIgniter\View\View->render('layout/main_tem...', Array, true)
#5 C:\xampp\htdocs\ohayo\vendor\codeigniter4\framework\system\Common.php(1119): CodeIgniter\View\View->render('costumer/landin...', Array, true)
#6 C:\xampp\htdocs\ohayo\app\Controllers\Home.php(28): view('costumer/landin...', Array)
#7 C:\xampp\htdocs\ohayo\vendor\codeigniter4\framework\system\CodeIgniter.php(918): App\Controllers\Home->index()
#8 C:\xampp\htdocs\ohayo\vendor\codeigniter4\framework\system\CodeIgniter.php(404): CodeIgniter\CodeIgniter->runController(Object(App\Controllers\Home))
#9 C:\xampp\htdocs\ohayo\vendor\codeigniter4\framework\system\CodeIgniter.php(312): CodeIgniter\CodeIgniter->handleRequest(NULL, Object(Config\Cache), false)
#10 C:\xampp\htdocs\ohayo\public\index.php(45): CodeIgniter\CodeIgniter->run()
#11 C:\xampp\htdocs\ohayo\vendor\codeigniter4\framework\system\Commands\Server\rewrite.php(34): require_once('C:\\xampp\\htdocs...')
#12 {main}
CRITICAL - 2020-11-20 01:25:46 --> Unknown column 'updated_at' in 'field list'
#0 C:\xampp\htdocs\ohayo\vendor\codeigniter4\framework\system\Database\MySQLi\Connection.php(331): mysqli->query('INSERT INTO `fe...')
#1 C:\xampp\htdocs\ohayo\vendor\codeigniter4\framework\system\Database\BaseConnection.php(741): CodeIgniter\Database\MySQLi\Connection->execute('INSERT INTO `fe...')
#2 C:\xampp\htdocs\ohayo\vendor\codeigniter4\framework\system\Database\BaseConnection.php(669): CodeIgniter\Database\BaseConnection->simpleQuery('INSERT INTO `fe...')
#3 C:\xampp\htdocs\ohayo\vendor\codeigniter4\framework\system\Database\BaseBuilder.php(2249): CodeIgniter\Database\BaseConnection->query('INSERT INTO `fe...', Array, false)
#4 C:\xampp\htdocs\ohayo\vendor\codeigniter4\framework\system\Model.php(755): CodeIgniter\Database\BaseBuilder->insert()
#5 C:\xampp\htdocs\ohayo\vendor\codeigniter4\framework\system\Model.php(574): CodeIgniter\Model->insert(Array, false)
#6 C:\xampp\htdocs\ohayo\app\Controllers\Peserta_feedback.php(32): CodeIgniter\Model->save(Array)
#7 C:\xampp\htdocs\ohayo\vendor\codeigniter4\framework\system\CodeIgniter.php(918): App\Controllers\Peserta_feedback->submit_feedback()
#8 C:\xampp\htdocs\ohayo\vendor\codeigniter4\framework\system\CodeIgniter.php(404): CodeIgniter\CodeIgniter->runController(Object(App\Controllers\Peserta_feedback))
#9 C:\xampp\htdocs\ohayo\vendor\codeigniter4\framework\system\CodeIgniter.php(312): CodeIgniter\CodeIgniter->handleRequest(NULL, Object(Config\Cache), false)
#10 C:\xampp\htdocs\ohayo\public\index.php(45): CodeIgniter\CodeIgniter->run()
#11 C:\xampp\htdocs\ohayo\vendor\codeigniter4\framework\system\Commands\Server\rewrite.php(34): require_once('C:\\xampp\\htdocs...')
#12 {main}
