CRITICAL - 2020-11-13 00:45:59 --> Undefined variable: artikel
#0 C:\xampp\htdocs\ohayo\app\Views\admin\manajemenArtikel_view.php(23): CodeIgniter\Debug\Exceptions->errorHandler(8, 'Undefined varia...', 'C:\\xampp\\htdocs...', 23, Array)
#1 C:\xampp\htdocs\ohayo\vendor\codeigniter4\framework\system\View\View.php(246): include('C:\\xampp\\htdocs...')
#2 C:\xampp\htdocs\ohayo\vendor\codeigniter4\framework\system\Common.php(1119): CodeIgniter\View\View->render('admin/manajemen...', Array, true)
#3 C:\xampp\htdocs\ohayo\app\Controllers\Admin_artikel.php(36): view('admin/manajemen...', Array)
#4 C:\xampp\htdocs\ohayo\vendor\codeigniter4\framework\system\CodeIgniter.php(918): App\Controllers\Admin_artikel->manajemen_artikel()
#5 C:\xampp\htdocs\ohayo\vendor\codeigniter4\framework\system\CodeIgniter.php(404): CodeIgniter\CodeIgniter->runController(Object(App\Controllers\Admin_artikel))
#6 C:\xampp\htdocs\ohayo\vendor\codeigniter4\framework\system\CodeIgniter.php(312): CodeIgniter\CodeIgniter->handleRequest(NULL, Object(Config\Cache), false)
#7 C:\xampp\htdocs\ohayo\public\index.php(45): CodeIgniter\CodeIgniter->run()
#8 C:\xampp\htdocs\ohayo\vendor\codeigniter4\framework\system\Commands\Server\rewrite.php(34): require_once('C:\\xampp\\htdocs...')
#9 {main}
CRITICAL - 2020-11-13 01:20:26 --> Undefined variable: a
#0 C:\xampp\htdocs\ohayo\app\Views\admin\manajemenArtikel_view.php(83): CodeIgniter\Debug\Exceptions->errorHandler(8, 'Undefined varia...', 'C:\\xampp\\htdocs...', 83, Array)
#1 C:\xampp\htdocs\ohayo\vendor\codeigniter4\framework\system\View\View.php(246): include('C:\\xampp\\htdocs...')
#2 C:\xampp\htdocs\ohayo\vendor\codeigniter4\framework\system\Common.php(1119): CodeIgniter\View\View->render('admin/manajemen...', Array, true)
#3 C:\xampp\htdocs\ohayo\app\Controllers\Admin_artikel.php(43): view('admin/manajemen...', Array)
#4 C:\xampp\htdocs\ohayo\vendor\codeigniter4\framework\system\CodeIgniter.php(918): App\Controllers\Admin_artikel->manajemen_artikel()
#5 C:\xampp\htdocs\ohayo\vendor\codeigniter4\framework\system\CodeIgniter.php(404): CodeIgniter\CodeIgniter->runController(Object(App\Controllers\Admin_artikel))
#6 C:\xampp\htdocs\ohayo\vendor\codeigniter4\framework\system\CodeIgniter.php(312): CodeIgniter\CodeIgniter->handleRequest(NULL, Object(Config\Cache), false)
#7 C:\xampp\htdocs\ohayo\public\index.php(45): CodeIgniter\CodeIgniter->run()
#8 C:\xampp\htdocs\ohayo\vendor\codeigniter4\framework\system\Commands\Server\rewrite.php(34): require_once('C:\\xampp\\htdocs...')
#9 {main}
CRITICAL - 2020-11-13 01:21:08 --> Undefined variable: a
#0 C:\xampp\htdocs\ohayo\app\Views\admin\manajemenArtikel_view.php(75): CodeIgniter\Debug\Exceptions->errorHandler(8, 'Undefined varia...', 'C:\\xampp\\htdocs...', 75, Array)
#1 C:\xampp\htdocs\ohayo\vendor\codeigniter4\framework\system\View\View.php(246): include('C:\\xampp\\htdocs...')
#2 C:\xampp\htdocs\ohayo\vendor\codeigniter4\framework\system\Common.php(1119): CodeIgniter\View\View->render('admin/manajemen...', Array, true)
#3 C:\xampp\htdocs\ohayo\app\Controllers\Admin_artikel.php(43): view('admin/manajemen...', Array)
#4 C:\xampp\htdocs\ohayo\vendor\codeigniter4\framework\system\CodeIgniter.php(918): App\Controllers\Admin_artikel->manajemen_artikel()
#5 C:\xampp\htdocs\ohayo\vendor\codeigniter4\framework\system\CodeIgniter.php(404): CodeIgniter\CodeIgniter->runController(Object(App\Controllers\Admin_artikel))
#6 C:\xampp\htdocs\ohayo\vendor\codeigniter4\framework\system\CodeIgniter.php(312): CodeIgniter\CodeIgniter->handleRequest(NULL, Object(Config\Cache), false)
#7 C:\xampp\htdocs\ohayo\public\index.php(45): CodeIgniter\CodeIgniter->run()
#8 C:\xampp\htdocs\ohayo\vendor\codeigniter4\framework\system\Commands\Server\rewrite.php(34): require_once('C:\\xampp\\htdocs...')
#9 {main}
CRITICAL - 2020-11-13 01:21:36 --> Undefined index: id_artikel
#0 C:\xampp\htdocs\ohayo\app\Views\admin\manajemenArtikel_view.php(75): CodeIgniter\Debug\Exceptions->errorHandler(8, 'Undefined index...', 'C:\\xampp\\htdocs...', 75, Array)
#1 C:\xampp\htdocs\ohayo\vendor\codeigniter4\framework\system\View\View.php(246): include('C:\\xampp\\htdocs...')
#2 C:\xampp\htdocs\ohayo\vendor\codeigniter4\framework\system\Common.php(1119): CodeIgniter\View\View->render('admin/manajemen...', Array, true)
#3 C:\xampp\htdocs\ohayo\app\Controllers\Admin_artikel.php(43): view('admin/manajemen...', Array)
#4 C:\xampp\htdocs\ohayo\vendor\codeigniter4\framework\system\CodeIgniter.php(918): App\Controllers\Admin_artikel->manajemen_artikel()
#5 C:\xampp\htdocs\ohayo\vendor\codeigniter4\framework\system\CodeIgniter.php(404): CodeIgniter\CodeIgniter->runController(Object(App\Controllers\Admin_artikel))
#6 C:\xampp\htdocs\ohayo\vendor\codeigniter4\framework\system\CodeIgniter.php(312): CodeIgniter\CodeIgniter->handleRequest(NULL, Object(Config\Cache), false)
#7 C:\xampp\htdocs\ohayo\public\index.php(45): CodeIgniter\CodeIgniter->run()
#8 C:\xampp\htdocs\ohayo\vendor\codeigniter4\framework\system\Commands\Server\rewrite.php(34): require_once('C:\\xampp\\htdocs...')
#9 {main}
CRITICAL - 2020-11-13 01:22:09 --> Undefined variable: a
#0 C:\xampp\htdocs\ohayo\app\Views\admin\manajemenArtikel_view.php(75): CodeIgniter\Debug\Exceptions->errorHandler(8, 'Undefined varia...', 'C:\\xampp\\htdocs...', 75, Array)
#1 C:\xampp\htdocs\ohayo\vendor\codeigniter4\framework\system\View\View.php(246): include('C:\\xampp\\htdocs...')
#2 C:\xampp\htdocs\ohayo\vendor\codeigniter4\framework\system\Common.php(1119): CodeIgniter\View\View->render('admin/manajemen...', Array, true)
#3 C:\xampp\htdocs\ohayo\app\Controllers\Admin_artikel.php(43): view('admin/manajemen...', Array)
#4 C:\xampp\htdocs\ohayo\vendor\codeigniter4\framework\system\CodeIgniter.php(918): App\Controllers\Admin_artikel->manajemen_artikel()
#5 C:\xampp\htdocs\ohayo\vendor\codeigniter4\framework\system\CodeIgniter.php(404): CodeIgniter\CodeIgniter->runController(Object(App\Controllers\Admin_artikel))
#6 C:\xampp\htdocs\ohayo\vendor\codeigniter4\framework\system\CodeIgniter.php(312): CodeIgniter\CodeIgniter->handleRequest(NULL, Object(Config\Cache), false)
#7 C:\xampp\htdocs\ohayo\public\index.php(45): CodeIgniter\CodeIgniter->run()
#8 C:\xampp\htdocs\ohayo\vendor\codeigniter4\framework\system\Commands\Server\rewrite.php(34): require_once('C:\\xampp\\htdocs...')
#9 {main}
CRITICAL - 2020-11-13 01:24:21 --> Undefined variable: a
#0 C:\xampp\htdocs\ohayo\app\Views\admin\manajemenArtikel_view.php(75): CodeIgniter\Debug\Exceptions->errorHandler(8, 'Undefined varia...', 'C:\\xampp\\htdocs...', 75, Array)
#1 C:\xampp\htdocs\ohayo\vendor\codeigniter4\framework\system\View\View.php(246): include('C:\\xampp\\htdocs...')
#2 C:\xampp\htdocs\ohayo\vendor\codeigniter4\framework\system\Common.php(1119): CodeIgniter\View\View->render('admin/manajemen...', Array, true)
#3 C:\xampp\htdocs\ohayo\app\Controllers\Admin_artikel.php(44): view('admin/manajemen...', Array)
#4 C:\xampp\htdocs\ohayo\vendor\codeigniter4\framework\system\CodeIgniter.php(918): App\Controllers\Admin_artikel->manajemen_artikel()
#5 C:\xampp\htdocs\ohayo\vendor\codeigniter4\framework\system\CodeIgniter.php(404): CodeIgniter\CodeIgniter->runController(Object(App\Controllers\Admin_artikel))
#6 C:\xampp\htdocs\ohayo\vendor\codeigniter4\framework\system\CodeIgniter.php(312): CodeIgniter\CodeIgniter->handleRequest(NULL, Object(Config\Cache), false)
#7 C:\xampp\htdocs\ohayo\public\index.php(45): CodeIgniter\CodeIgniter->run()
#8 C:\xampp\htdocs\ohayo\vendor\codeigniter4\framework\system\Commands\Server\rewrite.php(34): require_once('C:\\xampp\\htdocs...')
#9 {main}
CRITICAL - 2020-11-13 01:24:36 --> Undefined index: id_artikel
#0 C:\xampp\htdocs\ohayo\app\Views\admin\manajemenArtikel_view.php(75): CodeIgniter\Debug\Exceptions->errorHandler(8, 'Undefined index...', 'C:\\xampp\\htdocs...', 75, Array)
#1 C:\xampp\htdocs\ohayo\vendor\codeigniter4\framework\system\View\View.php(246): include('C:\\xampp\\htdocs...')
#2 C:\xampp\htdocs\ohayo\vendor\codeigniter4\framework\system\Common.php(1119): CodeIgniter\View\View->render('admin/manajemen...', Array, true)
#3 C:\xampp\htdocs\ohayo\app\Controllers\Admin_artikel.php(44): view('admin/manajemen...', Array)
#4 C:\xampp\htdocs\ohayo\vendor\codeigniter4\framework\system\CodeIgniter.php(918): App\Controllers\Admin_artikel->manajemen_artikel()
#5 C:\xampp\htdocs\ohayo\vendor\codeigniter4\framework\system\CodeIgniter.php(404): CodeIgniter\CodeIgniter->runController(Object(App\Controllers\Admin_artikel))
#6 C:\xampp\htdocs\ohayo\vendor\codeigniter4\framework\system\CodeIgniter.php(312): CodeIgniter\CodeIgniter->handleRequest(NULL, Object(Config\Cache), false)
#7 C:\xampp\htdocs\ohayo\public\index.php(45): CodeIgniter\CodeIgniter->run()
#8 C:\xampp\htdocs\ohayo\vendor\codeigniter4\framework\system\Commands\Server\rewrite.php(34): require_once('C:\\xampp\\htdocs...')
#9 {main}
CRITICAL - 2020-11-13 01:29:04 --> Undefined variable: a
#0 C:\xampp\htdocs\ohayo\app\Views\admin\manajemenArtikel_view.php(83): CodeIgniter\Debug\Exceptions->errorHandler(8, 'Undefined varia...', 'C:\\xampp\\htdocs...', 83, Array)
#1 C:\xampp\htdocs\ohayo\vendor\codeigniter4\framework\system\View\View.php(246): include('C:\\xampp\\htdocs...')
#2 C:\xampp\htdocs\ohayo\vendor\codeigniter4\framework\system\Common.php(1119): CodeIgniter\View\View->render('admin/manajemen...', Array, true)
#3 C:\xampp\htdocs\ohayo\app\Controllers\Admin_artikel.php(44): view('admin/manajemen...', Array)
#4 C:\xampp\htdocs\ohayo\vendor\codeigniter4\framework\system\CodeIgniter.php(918): App\Controllers\Admin_artikel->manajemen_artikel()
#5 C:\xampp\htdocs\ohayo\vendor\codeigniter4\framework\system\CodeIgniter.php(404): CodeIgniter\CodeIgniter->runController(Object(App\Controllers\Admin_artikel))
#6 C:\xampp\htdocs\ohayo\vendor\codeigniter4\framework\system\CodeIgniter.php(312): CodeIgniter\CodeIgniter->handleRequest(NULL, Object(Config\Cache), false)
#7 C:\xampp\htdocs\ohayo\public\index.php(45): CodeIgniter\CodeIgniter->run()
#8 C:\xampp\htdocs\ohayo\vendor\codeigniter4\framework\system\Commands\Server\rewrite.php(34): require_once('C:\\xampp\\htdocs...')
#9 {main}
CRITICAL - 2020-11-13 01:37:23 --> Invalid file: admin/detailArtikel_view.php
#0 C:\xampp\htdocs\ohayo\vendor\codeigniter4\framework\system\View\View.php(228): CodeIgniter\Exceptions\FrameworkException::forInvalidFile('admin/detailArt...')
#1 C:\xampp\htdocs\ohayo\vendor\codeigniter4\framework\system\Common.php(1119): CodeIgniter\View\View->render('admin/detailArt...', Array, true)
#2 C:\xampp\htdocs\ohayo\app\Controllers\Admin_artikel.php(86): view('admin/detailArt...', Array)
#3 C:\xampp\htdocs\ohayo\vendor\codeigniter4\framework\system\CodeIgniter.php(918): App\Controllers\Admin_artikel->detail('2')
#4 C:\xampp\htdocs\ohayo\vendor\codeigniter4\framework\system\CodeIgniter.php(404): CodeIgniter\CodeIgniter->runController(Object(App\Controllers\Admin_artikel))
#5 C:\xampp\htdocs\ohayo\vendor\codeigniter4\framework\system\CodeIgniter.php(312): CodeIgniter\CodeIgniter->handleRequest(NULL, Object(Config\Cache), false)
#6 C:\xampp\htdocs\ohayo\public\index.php(45): CodeIgniter\CodeIgniter->run()
#7 C:\xampp\htdocs\ohayo\vendor\codeigniter4\framework\system\Commands\Server\rewrite.php(34): require_once('C:\\xampp\\htdocs...')
#8 {main}
CRITICAL - 2020-11-13 01:37:55 --> Invalid file: admin/detailArtikel_view.php
#0 C:\xampp\htdocs\ohayo\vendor\codeigniter4\framework\system\View\View.php(228): CodeIgniter\Exceptions\FrameworkException::forInvalidFile('admin/detailArt...')
#1 C:\xampp\htdocs\ohayo\vendor\codeigniter4\framework\system\Common.php(1119): CodeIgniter\View\View->render('admin/detailArt...', Array, true)
#2 C:\xampp\htdocs\ohayo\app\Controllers\Admin_artikel.php(86): view('admin/detailArt...', Array)
#3 C:\xampp\htdocs\ohayo\vendor\codeigniter4\framework\system\CodeIgniter.php(918): App\Controllers\Admin_artikel->detail('2')
#4 C:\xampp\htdocs\ohayo\vendor\codeigniter4\framework\system\CodeIgniter.php(404): CodeIgniter\CodeIgniter->runController(Object(App\Controllers\Admin_artikel))
#5 C:\xampp\htdocs\ohayo\vendor\codeigniter4\framework\system\CodeIgniter.php(312): CodeIgniter\CodeIgniter->handleRequest(NULL, Object(Config\Cache), false)
#6 C:\xampp\htdocs\ohayo\public\index.php(45): CodeIgniter\CodeIgniter->run()
#7 C:\xampp\htdocs\ohayo\vendor\codeigniter4\framework\system\Commands\Server\rewrite.php(34): require_once('C:\\xampp\\htdocs...')
#8 {main}
CRITICAL - 2020-11-13 01:38:42 --> Invalid file: admin/detailArtikel_view.php
#0 C:\xampp\htdocs\ohayo\vendor\codeigniter4\framework\system\View\View.php(228): CodeIgniter\Exceptions\FrameworkException::forInvalidFile('admin/detailArt...')
#1 C:\xampp\htdocs\ohayo\vendor\codeigniter4\framework\system\Common.php(1119): CodeIgniter\View\View->render('admin/detailArt...', Array, true)
#2 C:\xampp\htdocs\ohayo\app\Controllers\Admin_artikel.php(86): view('admin/detailArt...', Array)
#3 C:\xampp\htdocs\ohayo\vendor\codeigniter4\framework\system\CodeIgniter.php(918): App\Controllers\Admin_artikel->detail('2')
#4 C:\xampp\htdocs\ohayo\vendor\codeigniter4\framework\system\CodeIgniter.php(404): CodeIgniter\CodeIgniter->runController(Object(App\Controllers\Admin_artikel))
#5 C:\xampp\htdocs\ohayo\vendor\codeigniter4\framework\system\CodeIgniter.php(312): CodeIgniter\CodeIgniter->handleRequest(NULL, Object(Config\Cache), false)
#6 C:\xampp\htdocs\ohayo\public\index.php(45): CodeIgniter\CodeIgniter->run()
#7 C:\xampp\htdocs\ohayo\vendor\codeigniter4\framework\system\Commands\Server\rewrite.php(34): require_once('C:\\xampp\\htdocs...')
#8 {main}
CRITICAL - 2020-11-13 01:44:47 --> Trying to access array offset on value of type null
#0 C:\xampp\htdocs\ohayo\app\Views\admin\detailArtikel_view.php(14): CodeIgniter\Debug\Exceptions->errorHandler(8, 'Trying to acces...', 'C:\\xampp\\htdocs...', 14, Array)
#1 C:\xampp\htdocs\ohayo\vendor\codeigniter4\framework\system\View\View.php(246): include('C:\\xampp\\htdocs...')
#2 C:\xampp\htdocs\ohayo\vendor\codeigniter4\framework\system\Common.php(1119): CodeIgniter\View\View->render('admin/detailArt...', Array, true)
#3 C:\xampp\htdocs\ohayo\app\Controllers\Admin_artikel.php(86): view('admin/detailArt...', Array)
#4 C:\xampp\htdocs\ohayo\vendor\codeigniter4\framework\system\CodeIgniter.php(918): App\Controllers\Admin_artikel->detail('...')
#5 C:\xampp\htdocs\ohayo\vendor\codeigniter4\framework\system\CodeIgniter.php(404): CodeIgniter\CodeIgniter->runController(Object(App\Controllers\Admin_artikel))
#6 C:\xampp\htdocs\ohayo\vendor\codeigniter4\framework\system\CodeIgniter.php(312): CodeIgniter\CodeIgniter->handleRequest(NULL, Object(Config\Cache), false)
#7 C:\xampp\htdocs\ohayo\public\index.php(45): CodeIgniter\CodeIgniter->run()
#8 C:\xampp\htdocs\ohayo\vendor\codeigniter4\framework\system\Commands\Server\rewrite.php(34): require_once('C:\\xampp\\htdocs...')
#9 {main}
CRITICAL - 2020-11-13 01:51:22 --> Undefined index: Kategori
#0 C:\xampp\htdocs\ohayo\app\Views\admin\detailArtikel_view.php(26): CodeIgniter\Debug\Exceptions->errorHandler(8, 'Undefined index...', 'C:\\xampp\\htdocs...', 26, Array)
#1 C:\xampp\htdocs\ohayo\vendor\codeigniter4\framework\system\View\View.php(246): include('C:\\xampp\\htdocs...')
#2 C:\xampp\htdocs\ohayo\vendor\codeigniter4\framework\system\Common.php(1119): CodeIgniter\View\View->render('admin/detailArt...', Array, true)
#3 C:\xampp\htdocs\ohayo\app\Controllers\Admin_artikel.php(86): view('admin/detailArt...', Array)
#4 C:\xampp\htdocs\ohayo\vendor\codeigniter4\framework\system\CodeIgniter.php(918): App\Controllers\Admin_artikel->detail('2')
#5 C:\xampp\htdocs\ohayo\vendor\codeigniter4\framework\system\CodeIgniter.php(404): CodeIgniter\CodeIgniter->runController(Object(App\Controllers\Admin_artikel))
#6 C:\xampp\htdocs\ohayo\vendor\codeigniter4\framework\system\CodeIgniter.php(312): CodeIgniter\CodeIgniter->handleRequest(NULL, Object(Config\Cache), false)
#7 C:\xampp\htdocs\ohayo\public\index.php(45): CodeIgniter\CodeIgniter->run()
#8 C:\xampp\htdocs\ohayo\vendor\codeigniter4\framework\system\Commands\Server\rewrite.php(34): require_once('C:\\xampp\\htdocs...')
#9 {main}
