CRITICAL - 2020-11-29 18:55:08 --> Cannot use object of type mysqli as array
#0 C:\xampp\htdocs\ohayo\vendor\codeigniter4\framework\system\View\View.php(246): include()
#1 C:\xampp\htdocs\ohayo\vendor\codeigniter4\framework\system\Common.php(1119): CodeIgniter\View\View->render('admin/peserta/l...', Array, true)
#2 C:\xampp\htdocs\ohayo\app\Controllers\Admin_kelolaPeserta.php(255): view('admin/peserta/l...', Array)
#3 C:\xampp\htdocs\ohayo\vendor\codeigniter4\framework\system\CodeIgniter.php(918): App\Controllers\Admin_kelolaPeserta->filter_laporan_aksi()
#4 C:\xampp\htdocs\ohayo\vendor\codeigniter4\framework\system\CodeIgniter.php(404): CodeIgniter\CodeIgniter->runController(Object(App\Controllers\Admin_kelolaPeserta))
#5 C:\xampp\htdocs\ohayo\vendor\codeigniter4\framework\system\CodeIgniter.php(312): CodeIgniter\CodeIgniter->handleRequest(NULL, Object(Config\Cache), false)
#6 C:\xampp\htdocs\ohayo\public\index.php(45): CodeIgniter\CodeIgniter->run()
#7 C:\xampp\htdocs\ohayo\vendor\codeigniter4\framework\system\Commands\Server\rewrite.php(34): require_once('C:\\xampp\\htdocs...')
#8 {main}
CRITICAL - 2020-11-29 18:55:56 --> Cannot use object of type mysqli as array
#0 C:\xampp\htdocs\ohayo\vendor\codeigniter4\framework\system\View\View.php(246): include()
#1 C:\xampp\htdocs\ohayo\vendor\codeigniter4\framework\system\Common.php(1119): CodeIgniter\View\View->render('admin/peserta/l...', Array, true)
#2 C:\xampp\htdocs\ohayo\app\Controllers\Admin_kelolaPeserta.php(255): view('admin/peserta/l...', Array)
#3 C:\xampp\htdocs\ohayo\vendor\codeigniter4\framework\system\CodeIgniter.php(918): App\Controllers\Admin_kelolaPeserta->filter_laporan_aksi()
#4 C:\xampp\htdocs\ohayo\vendor\codeigniter4\framework\system\CodeIgniter.php(404): CodeIgniter\CodeIgniter->runController(Object(App\Controllers\Admin_kelolaPeserta))
#5 C:\xampp\htdocs\ohayo\vendor\codeigniter4\framework\system\CodeIgniter.php(312): CodeIgniter\CodeIgniter->handleRequest(NULL, Object(Config\Cache), false)
#6 C:\xampp\htdocs\ohayo\public\index.php(45): CodeIgniter\CodeIgniter->run()
#7 C:\xampp\htdocs\ohayo\vendor\codeigniter4\framework\system\Commands\Server\rewrite.php(34): require_once('C:\\xampp\\htdocs...')
#8 {main}
CRITICAL - 2020-11-29 18:58:01 --> Undefined index: status
#0 C:\xampp\htdocs\ohayo\app\Views\admin\peserta\dataPeserta_view.php(40): CodeIgniter\Debug\Exceptions->errorHandler(8, 'Undefined index...', 'C:\\xampp\\htdocs...', 40, Array)
#1 C:\xampp\htdocs\ohayo\vendor\codeigniter4\framework\system\View\View.php(246): include('C:\\xampp\\htdocs...')
#2 C:\xampp\htdocs\ohayo\vendor\codeigniter4\framework\system\Common.php(1119): CodeIgniter\View\View->render('admin/peserta/d...', Array, true)
#3 C:\xampp\htdocs\ohayo\app\Controllers\Admin_kelolaPeserta.php(30): view('admin/peserta/d...', Array)
#4 C:\xampp\htdocs\ohayo\vendor\codeigniter4\framework\system\CodeIgniter.php(918): App\Controllers\Admin_kelolaPeserta->index()
#5 C:\xampp\htdocs\ohayo\vendor\codeigniter4\framework\system\CodeIgniter.php(404): CodeIgniter\CodeIgniter->runController(Object(App\Controllers\Admin_kelolaPeserta))
#6 C:\xampp\htdocs\ohayo\vendor\codeigniter4\framework\system\CodeIgniter.php(312): CodeIgniter\CodeIgniter->handleRequest(NULL, Object(Config\Cache), false)
#7 C:\xampp\htdocs\ohayo\public\index.php(45): CodeIgniter\CodeIgniter->run()
#8 C:\xampp\htdocs\ohayo\vendor\codeigniter4\framework\system\Commands\Server\rewrite.php(34): require_once('C:\\xampp\\htdocs...')
#9 {main}
CRITICAL - 2020-11-29 18:59:30 --> Unknown column 'status' in 'field list'
#0 C:\xampp\htdocs\ohayo\vendor\codeigniter4\framework\system\Database\MySQLi\Connection.php(331): mysqli->query('INSERT INTO `pe...')
#1 C:\xampp\htdocs\ohayo\vendor\codeigniter4\framework\system\Database\BaseConnection.php(741): CodeIgniter\Database\MySQLi\Connection->execute('INSERT INTO `pe...')
#2 C:\xampp\htdocs\ohayo\vendor\codeigniter4\framework\system\Database\BaseConnection.php(669): CodeIgniter\Database\BaseConnection->simpleQuery('INSERT INTO `pe...')
#3 C:\xampp\htdocs\ohayo\vendor\codeigniter4\framework\system\Database\BaseBuilder.php(2249): CodeIgniter\Database\BaseConnection->query('INSERT INTO `pe...', Array, false)
#4 C:\xampp\htdocs\ohayo\vendor\codeigniter4\framework\system\Model.php(755): CodeIgniter\Database\BaseBuilder->insert()
#5 C:\xampp\htdocs\ohayo\vendor\codeigniter4\framework\system\Model.php(574): CodeIgniter\Model->insert(Array, false)
#6 C:\xampp\htdocs\ohayo\app\Controllers\Admin_kelolaPeserta.php(145): CodeIgniter\Model->save(Array)
#7 C:\xampp\htdocs\ohayo\vendor\codeigniter4\framework\system\CodeIgniter.php(918): App\Controllers\Admin_kelolaPeserta->simpan()
#8 C:\xampp\htdocs\ohayo\vendor\codeigniter4\framework\system\CodeIgniter.php(404): CodeIgniter\CodeIgniter->runController(Object(App\Controllers\Admin_kelolaPeserta))
#9 C:\xampp\htdocs\ohayo\vendor\codeigniter4\framework\system\CodeIgniter.php(312): CodeIgniter\CodeIgniter->handleRequest(NULL, Object(Config\Cache), false)
#10 C:\xampp\htdocs\ohayo\public\index.php(45): CodeIgniter\CodeIgniter->run()
#11 C:\xampp\htdocs\ohayo\vendor\codeigniter4\framework\system\Commands\Server\rewrite.php(34): require_once('C:\\xampp\\htdocs...')
#12 {main}
CRITICAL - 2020-11-29 19:05:51 --> Undefined property: stdClass::$umur
#0 C:\xampp\htdocs\ohayo\app\Views\admin\peserta\laporan_view.php(55): CodeIgniter\Debug\Exceptions->errorHandler(8, 'Undefined prope...', 'C:\\xampp\\htdocs...', 55, Array)
#1 C:\xampp\htdocs\ohayo\vendor\codeigniter4\framework\system\View\View.php(246): include('C:\\xampp\\htdocs...')
#2 C:\xampp\htdocs\ohayo\vendor\codeigniter4\framework\system\Common.php(1119): CodeIgniter\View\View->render('admin/peserta/l...', Array, true)
#3 C:\xampp\htdocs\ohayo\app\Controllers\Admin_kelolaPeserta.php(261): view('admin/peserta/l...', Array)
#4 C:\xampp\htdocs\ohayo\vendor\codeigniter4\framework\system\CodeIgniter.php(918): App\Controllers\Admin_kelolaPeserta->filter_laporan_aksi()
#5 C:\xampp\htdocs\ohayo\vendor\codeigniter4\framework\system\CodeIgniter.php(404): CodeIgniter\CodeIgniter->runController(Object(App\Controllers\Admin_kelolaPeserta))
#6 C:\xampp\htdocs\ohayo\vendor\codeigniter4\framework\system\CodeIgniter.php(312): CodeIgniter\CodeIgniter->handleRequest(NULL, Object(Config\Cache), false)
#7 C:\xampp\htdocs\ohayo\public\index.php(45): CodeIgniter\CodeIgniter->run()
#8 C:\xampp\htdocs\ohayo\vendor\codeigniter4\framework\system\Commands\Server\rewrite.php(34): require_once('C:\\xampp\\htdocs...')
#9 {main}
CRITICAL - 2020-11-29 20:06:35 --> Undefined property: App\Controllers\Admin_laporan::$pesertaModel
#0 C:\xampp\htdocs\ohayo\app\Controllers\Admin_laporan.php(57): CodeIgniter\Debug\Exceptions->errorHandler(8, 'Undefined prope...', 'C:\\xampp\\htdocs...', 57, Array)
#1 C:\xampp\htdocs\ohayo\vendor\codeigniter4\framework\system\CodeIgniter.php(918): App\Controllers\Admin_laporan->filter_laporan_aksi()
#2 C:\xampp\htdocs\ohayo\vendor\codeigniter4\framework\system\CodeIgniter.php(404): CodeIgniter\CodeIgniter->runController(Object(App\Controllers\Admin_laporan))
#3 C:\xampp\htdocs\ohayo\vendor\codeigniter4\framework\system\CodeIgniter.php(312): CodeIgniter\CodeIgniter->handleRequest(NULL, Object(Config\Cache), false)
#4 C:\xampp\htdocs\ohayo\public\index.php(45): CodeIgniter\CodeIgniter->run()
#5 C:\xampp\htdocs\ohayo\vendor\codeigniter4\framework\system\Commands\Server\rewrite.php(34): require_once('C:\\xampp\\htdocs...')
#6 {main}
CRITICAL - 2020-11-29 20:07:58 --> Undefined property: App\Controllers\Admin_laporan::$pesertaModel
#0 C:\xampp\htdocs\ohayo\app\Controllers\Admin_laporan.php(90): CodeIgniter\Debug\Exceptions->errorHandler(8, 'Undefined prope...', 'C:\\xampp\\htdocs...', 90, Array)
#1 C:\xampp\htdocs\ohayo\vendor\codeigniter4\framework\system\CodeIgniter.php(918): App\Controllers\Admin_laporan->filter_laporan_aksi()
#2 C:\xampp\htdocs\ohayo\vendor\codeigniter4\framework\system\CodeIgniter.php(404): CodeIgniter\CodeIgniter->runController(Object(App\Controllers\Admin_laporan))
#3 C:\xampp\htdocs\ohayo\vendor\codeigniter4\framework\system\CodeIgniter.php(312): CodeIgniter\CodeIgniter->handleRequest(NULL, Object(Config\Cache), false)
#4 C:\xampp\htdocs\ohayo\public\index.php(45): CodeIgniter\CodeIgniter->run()
#5 C:\xampp\htdocs\ohayo\vendor\codeigniter4\framework\system\Commands\Server\rewrite.php(34): require_once('C:\\xampp\\htdocs...')
#6 {main}
